<?xml version="1.0" encoding="UTF-8"?>
<testsuite xmlns:xsi="http://www.w3.org/2001/XMLSchema-instance" xsi:noNamespaceSchemaLocation="https://maven.apache.org/surefire/maven-surefire-plugin/xsd/surefire-test-report-3.0.xsd" version="3.0" name="com.bank.mt.EndToEndIntegrationTest" time="3.566" tests="5" errors="0" skipped="0" failures="0">
  <properties>
[...]
</properties>
  <testcase name="singlePageMt940_endToEnd" classname="com.bank.mt.EndToEndIntegrationTest" time="0.534">
    <system-out><![CDATA[2026-02-09T00:11:28.439+05:30  INFO 14687 --- [mt-statement-processor] [   scheduling-1] c.b.mt.aggregation.AggregationService    : Single-page MT942 ref=REF789 — skipping aggregation
2026-02-09T00:11:28.439+05:30  WARN 14687 --- [mt-statement-processor] [   scheduling-1] com.bank.mt.routing.RoutingService       : No routing rule matched for ref=REF789 acct=987654321 type=MT942 — routing to exception queue [EXCEPTION.QUEUE]
2026-02-09T00:11:28.439+05:30  INFO 14687 --- [mt-statement-processor] [   scheduling-1] com.bank.mt.routing.RoutingService       : Routing result for ref=REF789: destinations=[EXCEPTION.QUEUE], relay=false
2026-02-09T00:11:28.439+05:30  INFO 14687 --- [mt-statement-processor] [     delivery-2] c.bank.mt.delivery.MockDeliveryAdapter   : MOCK DELIVERY → dest=REPORTING.Q1 type=MT940 ref=REF456 acct=123456789
2026-02-09T00:11:28.439+05:30  INFO 14687 --- [mt-statement-processor] [     delivery-2] c.bank.mt.delivery.MockDeliveryAdapter   : MOCK DELIVERY → dest=SWIFT.RELAY type=MT940 ref=REF456 acct=123456789
2026-02-09T00:11:28.439+05:30  INFO 14687 --- [mt-statement-processor] [     delivery-3] c.bank.mt.delivery.MockDeliveryAdapter   : MOCK DELIVERY → dest=EXCEPTION.QUEUE type=MT942 ref=REF789 acct=987654321
2026-02-09T00:11:28.440+05:30  INFO 14687 --- [mt-statement-processor] [           main] t.c.s.AnnotationConfigContextLoaderUtils : Could not detect default configuration classes for test class [com.bank.mt.EndToEndIntegrationTest]: EndToEndIntegrationTest does not declare any static, non-private, non-final, nested classes annotated with @Configuration.
2026-02-09T00:11:28.441+05:30  INFO 14687 --- [mt-statement-processor] [           main] .b.t.c.SpringBootTestContextBootstrapper : Found @SpringBootConfiguration com.bank.mt.MtStatementProcessorApplication for test class com.bank.mt.EndToEndIntegrationTest
2026-02-09T00:11:28.454+05:30  INFO 14687 --- [mt-statement-processor] [           main] com.bank.mt.routing.RoutingService       : Routing cache refreshed: 1 rules, 1 relay configs, 0 excluded branches
2026-02-09T00:11:28.455+05:30  INFO 14687 --- [mt-statement-processor] [           main] c.b.m.i.PollingOdsIngestionStrategy      : Picked up 1 messages from ODS
2026-02-09T00:11:28.456+05:30  INFO 14687 --- [mt-statement-processor] [           main] c.b.mt.aggregation.AggregationService    : Single-page MT940 ref=E2EREF01 — skipping aggregation
2026-02-09T00:11:28.456+05:30  INFO 14687 --- [mt-statement-processor] [           main] com.bank.mt.routing.RoutingService       : Routing result for ref=E2EREF01: destinations=[REPORTING.Q1], relay=true
2026-02-09T00:11:28.456+05:30  INFO 14687 --- [mt-statement-processor] [     delivery-4] c.bank.mt.delivery.MockDeliveryAdapter   : MOCK DELIVERY → dest=REPORTING.Q1 type=MT940 ref=E2EREF01 acct=123456789
2026-02-09T00:11:28.456+05:30  INFO 14687 --- [mt-statement-processor] [     delivery-4] c.bank.mt.delivery.MockDeliveryAdapter   : MOCK DELIVERY → dest=SWIFT.RELAY type=MT940 ref=E2EREF01 acct=123456789
2026-02-09T00:11:28.974+05:30  INFO 14687 --- [mt-statement-processor] [           main] j.LocalContainerEntityManagerFactoryBean : Closing JPA EntityManagerFactory for persistence unit 'default'
2026-02-09T00:11:28.976+05:30  INFO 14687 --- [mt-statement-processor] [           main] com.zaxxer.hikari.HikariDataSource       : HikariPool-2 - Shutdown initiated...
2026-02-09T00:11:28.978+05:30  INFO 14687 --- [mt-statement-processor] [           main] com.zaxxer.hikari.HikariDataSource       : HikariPool-2 - Shutdown completed.
]]></system-out>
  </testcase>
  <testcase name="multiPageMt940_aggregationAndDelivery" classname="com.bank.mt.EndToEndIntegrationTest" time="0.833">
    <system-out><![CDATA[
  .   ____          _            __ _ _
 /\\ / ___'_ __ _ _(_)_ __  __ _ \ \ \ \
( ( )\___ | '_ | '_| | '_ \/ _` | \ \ \ \
 \\/  ___)| |_)| | | | | || (_| |  ) ) ) )
  '  |____| .__|_| |_|_| |_\__, | / / / /
 =========|_|==============|___/=/_/_/_/
 :: Spring Boot ::                (v3.2.2)

2026-02-09T00:11:28.993+05:30  INFO 14687 --- [mt-statement-processor] [           main] com.bank.mt.EndToEndIntegrationTest      : Starting EndToEndIntegrationTest using Java 17.0.11 with PID 14687 (started by megh in /Users/megh/Desktop/Statements)
2026-02-09T00:11:28.993+05:30  INFO 14687 --- [mt-statement-processor] [           main] com.bank.mt.EndToEndIntegrationTest      : No active profile set, falling back to 1 default profile: "default"
2026-02-09T00:11:29.071+05:30  INFO 14687 --- [mt-statement-processor] [           main] .s.d.r.c.RepositoryConfigurationDelegate : Bootstrapping Spring Data JPA repositories in DEFAULT mode.
2026-02-09T00:11:29.076+05:30  INFO 14687 --- [mt-statement-processor] [           main] .s.d.r.c.RepositoryConfigurationDelegate : Finished Spring Data repository scanning in 4 ms. Found 7 JPA repository interfaces.
2026-02-09T00:11:29.111+05:30  INFO 14687 --- [mt-statement-processor] [           main] com.zaxxer.hikari.HikariDataSource       : HikariPool-3 - Starting...
2026-02-09T00:11:29.111+05:30  INFO 14687 --- [mt-statement-processor] [           main] com.zaxxer.hikari.pool.HikariPool        : HikariPool-3 - Added connection conn20: url=jdbc:h2:mem:mtdb user=SA
2026-02-09T00:11:29.111+05:30  INFO 14687 --- [mt-statement-processor] [           main] com.zaxxer.hikari.HikariDataSource       : HikariPool-3 - Start completed.
2026-02-09T00:11:29.114+05:30  INFO 14687 --- [mt-statement-processor] [           main] org.flywaydb.core.FlywayExecutor         : Database: jdbc:h2:mem:mtdb (H2 2.2)
2026-02-09T00:11:29.115+05:30  WARN 14687 --- [mt-statement-processor] [           main] o.f.c.internal.database.base.Database    : Flyway upgrade recommended: H2 2.2.224 is newer than this version of Flyway and support has not been tested. The latest supported version of H2 is 2.2.220.
2026-02-09T00:11:29.117+05:30  INFO 14687 --- [mt-statement-processor] [           main] o.f.core.internal.command.DbValidate     : Successfully validated 4 migrations (execution time 00:00.001s)
2026-02-09T00:11:29.118+05:30  INFO 14687 --- [mt-statement-processor] [           main] o.f.core.internal.command.DbMigrate      : Current version of schema "PUBLIC": 4
2026-02-09T00:11:29.118+05:30  INFO 14687 --- [mt-statement-processor] [           main] o.f.core.internal.command.DbMigrate      : Schema "PUBLIC" is up to date. No migration necessary.
2026-02-09T00:11:29.127+05:30  INFO 14687 --- [mt-statement-processor] [           main] o.hibernate.jpa.internal.util.LogHelper  : HHH000204: Processing PersistenceUnitInfo [name: default]
2026-02-09T00:11:29.128+05:30  INFO 14687 --- [mt-statement-processor] [           main] o.h.c.internal.RegionFactoryInitiator    : HHH000026: Second-level cache disabled
2026-02-09T00:11:29.129+05:30  INFO 14687 --- [mt-statement-processor] [           main] o.s.o.j.p.SpringPersistenceUnitInfo      : No LoadTimeWeaver setup: ignoring JPA class transformer
2026-02-09T00:11:29.129+05:30  WARN 14687 --- [mt-statement-processor] [           main] org.hibernate.orm.deprecation            : HHH90000025: H2Dialect does not need to be specified explicitly using 'hibernate.dialect' (remove the property setting and it will be selected by default)
2026-02-09T00:11:29.179+05:30  INFO 14687 --- [mt-statement-processor] [           main] o.h.e.t.j.p.i.JtaPlatformInitiator       : HHH000489: No JTA platform available (set 'hibernate.transaction.jta.platform' to enable JTA platform integration)
2026-02-09T00:11:29.180+05:30  INFO 14687 --- [mt-statement-processor] [           main] j.LocalContainerEntityManagerFactoryBean : Initialized JPA EntityManagerFactory for persistence unit 'default'
2026-02-09T00:11:29.224+05:30  INFO 14687 --- [mt-statement-processor] [           main] c.bank.mt.aggregation.AggregationFilter  : Aggregation filter cache refreshed: allowed BICs=[BANKGB22, CLIENTBI], excluded branches=[]
2026-02-09T00:11:29.279+05:30  INFO 14687 --- [mt-statement-processor] [           main] com.bank.mt.routing.RoutingService       : Routing cache refreshed: 1 rules, 1 relay configs, 0 excluded branches
2026-02-09T00:11:29.292+05:30  WARN 14687 --- [mt-statement-processor] [           main] JpaBaseConfiguration$JpaWebConfiguration : spring.jpa.open-in-view is enabled by default. Therefore, database queries may be performed during view rendering. Explicitly configure spring.jpa.open-in-view to disable this warning
2026-02-09T00:11:29.307+05:30  INFO 14687 --- [mt-statement-processor] [           main] o.s.b.a.w.s.WelcomePageHandlerMapping    : Adding welcome page: class path resource [static/index.html]
2026-02-09T00:11:29.359+05:30  INFO 14687 --- [mt-statement-processor] [           main] o.s.b.a.e.web.EndpointLinksResolver      : Exposing 3 endpoint(s) beneath base path '/actuator'
2026-02-09T00:11:29.368+05:30  INFO 14687 --- [mt-statement-processor] [           main] o.s.s.web.DefaultSecurityFilterChain     : Will secure any request with [org.springframework.security.web.session.DisableEncodeUrlFilter@12a22dc4, org.springframework.security.web.context.request.async.WebAsyncManagerIntegrationFilter@633c8fc6, org.springframework.security.web.context.SecurityContextHolderFilter@6d363cf8, org.springframework.security.web.header.HeaderWriterFilter@417c5424, org.springframework.web.filter.CorsFilter@4a787615, org.springframework.security.web.authentication.logout.LogoutFilter@7ec09f73, org.springframework.security.web.authentication.www.BasicAuthenticationFilter@69530799, org.springframework.security.web.savedrequest.RequestCacheAwareFilter@79f16678, org.springframework.security.web.servletapi.SecurityContextHolderAwareRequestFilter@403529fb, org.springframework.security.web.authentication.AnonymousAuthenticationFilter@53ba7b9c, org.springframework.security.web.access.ExceptionTranslationFilter@7001da49, org.springframework.security.web.access.intercept.AuthorizationFilter@47c81691]
2026-02-09T00:11:29.435+05:30  INFO 14687 --- [mt-statement-processor] [           main] o.s.b.a.h2.H2ConsoleAutoConfiguration    : H2 console available at '/h2-console'. Database available at 'jdbc:h2:mem:mtdb'
2026-02-09T00:11:29.446+05:30  INFO 14687 --- [mt-statement-processor] [           main] com.bank.mt.EndToEndIntegrationTest      : Started EndToEndIntegrationTest in 0.466 seconds (process running for 5.068)
2026-02-09T00:11:29.450+05:30  INFO 14687 --- [mt-statement-processor] [           main] c.b.m.i.PollingOdsIngestionStrategy      : Picked up 1 messages from ODS
2026-02-09T00:11:29.454+05:30  INFO 14687 --- [mt-statement-processor] [           main] c.b.mt.aggregation.AggregationService    : Aggregation in progress for stmt=00010 acct=123456789 (1/0 pages)
2026-02-09T00:11:29.763+05:30  INFO 14687 --- [mt-statement-processor] [           main] com.bank.mt.routing.RoutingService       : Routing cache refreshed: 1 rules, 1 relay configs, 0 excluded branches
2026-02-09T00:11:29.764+05:30  INFO 14687 --- [mt-statement-processor] [           main] c.b.m.i.PollingOdsIngestionStrategy      : Picked up 1 messages from ODS
2026-02-09T00:11:29.769+05:30  INFO 14687 --- [mt-statement-processor] [           main] c.b.mt.aggregation.AggregationService    : Aggregation complete for stmt=00010 acct=123456789 (2 pages)
2026-02-09T00:11:29.769+05:30  INFO 14687 --- [mt-statement-processor] [           main] com.bank.mt.routing.RoutingService       : Routing result for ref=MPREF01: destinations=[REPORTING.Q1], relay=true
2026-02-09T00:11:29.770+05:30  INFO 14687 --- [mt-statement-processor] [     delivery-1] c.bank.mt.delivery.MockDeliveryAdapter   : MOCK DELIVERY → dest=REPORTING.Q1 type=MT940 ref=MPREF01 acct=123456789
2026-02-09T00:11:29.770+05:30  INFO 14687 --- [mt-statement-processor] [     delivery-1] c.bank.mt.delivery.MockDeliveryAdapter   : MOCK DELIVERY → dest=SWIFT.RELAY type=MT940 ref=MPREF01 acct=123456789
2026-02-09T00:11:30.279+05:30  INFO 14687 --- [mt-statement-processor] [           main] j.LocalContainerEntityManagerFactoryBean : Closing JPA EntityManagerFactory for persistence unit 'default'
2026-02-09T00:11:30.280+05:30  INFO 14687 --- [mt-statement-processor] [           main] com.zaxxer.hikari.HikariDataSource       : HikariPool-3 - Shutdown initiated...
2026-02-09T00:11:30.280+05:30  INFO 14687 --- [mt-statement-processor] [           main] com.zaxxer.hikari.HikariDataSource       : HikariPool-3 - Shutdown completed.
]]></system-out>
  </testcase>
  <testcase name="mt942_routesCorrectly" classname="com.bank.mt.EndToEndIntegrationTest" time="0.517">
    <system-out><![CDATA[
  .   ____          _            __ _ _
 /\\ / ___'_ __ _ _(_)_ __  __ _ \ \ \ \
( ( )\___ | '_ | '_| | '_ \/ _` | \ \ \ \
 \\/  ___)| |_)| | | | | || (_| |  ) ) ) )
  '  |____| .__|_| |_|_| |_\__, | / / / /
 =========|_|==============|___/=/_/_/_/
 :: Spring Boot ::                (v3.2.2)

2026-02-09T00:11:30.290+05:30  INFO 14687 --- [mt-statement-processor] [           main] com.bank.mt.EndToEndIntegrationTest      : Starting EndToEndIntegrationTest using Java 17.0.11 with PID 14687 (started by megh in /Users/megh/Desktop/Statements)
2026-02-09T00:11:30.290+05:30  INFO 14687 --- [mt-statement-processor] [           main] com.bank.mt.EndToEndIntegrationTest      : No active profile set, falling back to 1 default profile: "default"
2026-02-09T00:11:30.363+05:30  INFO 14687 --- [mt-statement-processor] [           main] .s.d.r.c.RepositoryConfigurationDelegate : Bootstrapping Spring Data JPA repositories in DEFAULT mode.
2026-02-09T00:11:30.368+05:30  INFO 14687 --- [mt-statement-processor] [           main] .s.d.r.c.RepositoryConfigurationDelegate : Finished Spring Data repository scanning in 4 ms. Found 7 JPA repository interfaces.
2026-02-09T00:11:30.400+05:30  INFO 14687 --- [mt-statement-processor] [           main] com.zaxxer.hikari.HikariDataSource       : HikariPool-4 - Starting...
2026-02-09T00:11:30.400+05:30  INFO 14687 --- [mt-statement-processor] [           main] com.zaxxer.hikari.pool.HikariPool        : HikariPool-4 - Added connection conn30: url=jdbc:h2:mem:mtdb user=SA
2026-02-09T00:11:30.400+05:30  INFO 14687 --- [mt-statement-processor] [           main] com.zaxxer.hikari.HikariDataSource       : HikariPool-4 - Start completed.
2026-02-09T00:11:30.403+05:30  INFO 14687 --- [mt-statement-processor] [           main] org.flywaydb.core.FlywayExecutor         : Database: jdbc:h2:mem:mtdb (H2 2.2)
2026-02-09T00:11:30.404+05:30  WARN 14687 --- [mt-statement-processor] [           main] o.f.c.internal.database.base.Database    : Flyway upgrade recommended: H2 2.2.224 is newer than this version of Flyway and support has not been tested. The latest supported version of H2 is 2.2.220.
2026-02-09T00:11:30.405+05:30  INFO 14687 --- [mt-statement-processor] [           main] o.f.core.internal.command.DbValidate     : Successfully validated 4 migrations (execution time 00:00.001s)
2026-02-09T00:11:30.406+05:30  INFO 14687 --- [mt-statement-processor] [           main] o.f.core.internal.command.DbMigrate      : Current version of schema "PUBLIC": 4
2026-02-09T00:11:30.406+05:30  INFO 14687 --- [mt-statement-processor] [           main] o.f.core.internal.command.DbMigrate      : Schema "PUBLIC" is up to date. No migration necessary.
2026-02-09T00:11:30.414+05:30  INFO 14687 --- [mt-statement-processor] [           main] o.hibernate.jpa.internal.util.LogHelper  : HHH000204: Processing PersistenceUnitInfo [name: default]
2026-02-09T00:11:30.415+05:30  INFO 14687 --- [mt-statement-processor] [           main] o.h.c.internal.RegionFactoryInitiator    : HHH000026: Second-level cache disabled
2026-02-09T00:11:30.416+05:30  INFO 14687 --- [mt-statement-processor] [           main] o.s.o.j.p.SpringPersistenceUnitInfo      : No LoadTimeWeaver setup: ignoring JPA class transformer
2026-02-09T00:11:30.417+05:30  WARN 14687 --- [mt-statement-processor] [           main] org.hibernate.orm.deprecation            : HHH90000025: H2Dialect does not need to be specified explicitly using 'hibernate.dialect' (remove the property setting and it will be selected by default)
2026-02-09T00:11:30.463+05:30  INFO 14687 --- [mt-statement-processor] [           main] o.h.e.t.j.p.i.JtaPlatformInitiator       : HHH000489: No JTA platform available (set 'hibernate.transaction.jta.platform' to enable JTA platform integration)
2026-02-09T00:11:30.464+05:30  INFO 14687 --- [mt-statement-processor] [           main] j.LocalContainerEntityManagerFactoryBean : Initialized JPA EntityManagerFactory for persistence unit 'default'
2026-02-09T00:11:30.494+05:30  INFO 14687 --- [mt-statement-processor] [           main] c.bank.mt.aggregation.AggregationFilter  : Aggregation filter cache refreshed: allowed BICs=[BANKGB22, CLIENTBI], excluded branches=[]
2026-02-09T00:11:30.537+05:30  INFO 14687 --- [mt-statement-processor] [           main] com.bank.mt.routing.RoutingService       : Routing cache refreshed: 1 rules, 1 relay configs, 0 excluded branches
2026-02-09T00:11:30.549+05:30  WARN 14687 --- [mt-statement-processor] [           main] JpaBaseConfiguration$JpaWebConfiguration : spring.jpa.open-in-view is enabled by default. Therefore, database queries may be performed during view rendering. Explicitly configure spring.jpa.open-in-view to disable this warning
2026-02-09T00:11:30.562+05:30  INFO 14687 --- [mt-statement-processor] [           main] o.s.b.a.w.s.WelcomePageHandlerMapping    : Adding welcome page: class path resource [static/index.html]
2026-02-09T00:11:30.605+05:30  INFO 14687 --- [mt-statement-processor] [           main] o.s.b.a.e.web.EndpointLinksResolver      : Exposing 3 endpoint(s) beneath base path '/actuator'
2026-02-09T00:11:30.619+05:30  INFO 14687 --- [mt-statement-processor] [           main] o.s.s.web.DefaultSecurityFilterChain     : Will secure any request with [org.springframework.security.web.session.DisableEncodeUrlFilter@64eb79d, org.springframework.security.web.context.request.async.WebAsyncManagerIntegrationFilter@3951efe0, org.springframework.security.web.context.SecurityContextHolderFilter@41d1b958, org.springframework.security.web.header.HeaderWriterFilter@22d57aa3, org.springframework.web.filter.CorsFilter@3b396dbf, org.springframework.security.web.authentication.logout.LogoutFilter@5c3b86da, org.springframework.security.web.authentication.www.BasicAuthenticationFilter@2602f45, org.springframework.security.web.savedrequest.RequestCacheAwareFilter@1167fcc2, org.springframework.security.web.servletapi.SecurityContextHolderAwareRequestFilter@7f6d3ce5, org.springframework.security.web.authentication.AnonymousAuthenticationFilter@72daa416, org.springframework.security.web.access.ExceptionTranslationFilter@6fc75d9c, org.springframework.security.web.access.intercept.AuthorizationFilter@624b0e1b]
2026-02-09T00:11:30.680+05:30  INFO 14687 --- [mt-statement-processor] [           main] o.s.b.a.h2.H2ConsoleAutoConfiguration    : H2 console available at '/h2-console'. Database available at 'jdbc:h2:mem:mtdb'
2026-02-09T00:11:30.691+05:30  INFO 14687 --- [mt-statement-processor] [           main] com.bank.mt.EndToEndIntegrationTest      : Started EndToEndIntegrationTest in 0.41 seconds (process running for 6.313)
2026-02-09T00:11:30.696+05:30  INFO 14687 --- [mt-statement-processor] [           main] com.bank.mt.routing.RoutingService       : Routing cache refreshed: 2 rules, 1 relay configs, 0 excluded branches
2026-02-09T00:11:30.698+05:30  INFO 14687 --- [mt-statement-processor] [           main] c.b.m.i.PollingOdsIngestionStrategy      : Picked up 1 messages from ODS
2026-02-09T00:11:30.699+05:30  INFO 14687 --- [mt-statement-processor] [           main] c.b.mt.aggregation.AggregationService    : Single-page MT942 ref=MT942REF — skipping aggregation
2026-02-09T00:11:30.699+05:30  INFO 14687 --- [mt-statement-processor] [           main] com.bank.mt.routing.RoutingService       : Routing result for ref=MT942REF: destinations=[INTRADAY.Q1], relay=false
2026-02-09T00:11:30.699+05:30  INFO 14687 --- [mt-statement-processor] [     delivery-1] c.bank.mt.delivery.MockDeliveryAdapter   : MOCK DELIVERY → dest=INTRADAY.Q1 type=MT942 ref=MT942REF acct=987654321
2026-02-09T00:11:31.208+05:30  INFO 14687 --- [mt-statement-processor] [           main] j.LocalContainerEntityManagerFactoryBean : Closing JPA EntityManagerFactory for persistence unit 'default'
2026-02-09T00:11:31.209+05:30  INFO 14687 --- [mt-statement-processor] [           main] com.zaxxer.hikari.HikariDataSource       : HikariPool-4 - Shutdown initiated...
2026-02-09T00:11:31.209+05:30  INFO 14687 --- [mt-statement-processor] [           main] com.zaxxer.hikari.HikariDataSource       : HikariPool-4 - Shutdown completed.
]]></system-out>
  </testcase>
  <testcase name="crudRuleUpdate_refreshesCache" classname="com.bank.mt.EndToEndIntegrationTest" time="0.023">
    <system-out><![CDATA[
  .   ____          _            __ _ _
 /\\ / ___'_ __ _ _(_)_ __  __ _ \ \ \ \
( ( )\___ | '_ | '_| | '_ \/ _` | \ \ \ \
 \\/  ___)| |_)| | | | | || (_| |  ) ) ) )
  '  |____| .__|_| |_|_| |_\__, | / / / /
 =========|_|==============|___/=/_/_/_/
 :: Spring Boot ::                (v3.2.2)

2026-02-09T00:11:31.218+05:30  INFO 14687 --- [mt-statement-processor] [           main] com.bank.mt.EndToEndIntegrationTest      : Starting EndToEndIntegrationTest using Java 17.0.11 with PID 14687 (started by megh in /Users/megh/Desktop/Statements)
2026-02-09T00:11:31.218+05:30  INFO 14687 --- [mt-statement-processor] [           main] com.bank.mt.EndToEndIntegrationTest      : No active profile set, falling back to 1 default profile: "default"
2026-02-09T00:11:31.283+05:30  INFO 14687 --- [mt-statement-processor] [           main] .s.d.r.c.RepositoryConfigurationDelegate : Bootstrapping Spring Data JPA repositories in DEFAULT mode.
2026-02-09T00:11:31.287+05:30  INFO 14687 --- [mt-statement-processor] [           main] .s.d.r.c.RepositoryConfigurationDelegate : Finished Spring Data repository scanning in 3 ms. Found 7 JPA repository interfaces.
2026-02-09T00:11:31.317+05:30  INFO 14687 --- [mt-statement-processor] [           main] com.zaxxer.hikari.HikariDataSource       : HikariPool-5 - Starting...
2026-02-09T00:11:31.317+05:30  INFO 14687 --- [mt-statement-processor] [           main] com.zaxxer.hikari.pool.HikariPool        : HikariPool-5 - Added connection conn40: url=jdbc:h2:mem:mtdb user=SA
2026-02-09T00:11:31.317+05:30  INFO 14687 --- [mt-statement-processor] [           main] com.zaxxer.hikari.HikariDataSource       : HikariPool-5 - Start completed.
2026-02-09T00:11:31.320+05:30  INFO 14687 --- [mt-statement-processor] [           main] org.flywaydb.core.FlywayExecutor         : Database: jdbc:h2:mem:mtdb (H2 2.2)
2026-02-09T00:11:31.320+05:30  WARN 14687 --- [mt-statement-processor] [           main] o.f.c.internal.database.base.Database    : Flyway upgrade recommended: H2 2.2.224 is newer than this version of Flyway and support has not been tested. The latest supported version of H2 is 2.2.220.
2026-02-09T00:11:31.322+05:30  INFO 14687 --- [mt-statement-processor] [           main] o.f.core.internal.command.DbValidate     : Successfully validated 4 migrations (execution time 00:00.001s)
2026-02-09T00:11:31.323+05:30  INFO 14687 --- [mt-statement-processor] [           main] o.f.core.internal.command.DbMigrate      : Current version of schema "PUBLIC": 4
2026-02-09T00:11:31.323+05:30  INFO 14687 --- [mt-statement-processor] [           main] o.f.core.internal.command.DbMigrate      : Schema "PUBLIC" is up to date. No migration necessary.
2026-02-09T00:11:31.335+05:30  INFO 14687 --- [mt-statement-processor] [           main] o.hibernate.jpa.internal.util.LogHelper  : HHH000204: Processing PersistenceUnitInfo [name: default]
2026-02-09T00:11:31.336+05:30  INFO 14687 --- [mt-statement-processor] [           main] o.h.c.internal.RegionFactoryInitiator    : HHH000026: Second-level cache disabled
2026-02-09T00:11:31.337+05:30  INFO 14687 --- [mt-statement-processor] [           main] o.s.o.j.p.SpringPersistenceUnitInfo      : No LoadTimeWeaver setup: ignoring JPA class transformer
2026-02-09T00:11:31.337+05:30  WARN 14687 --- [mt-statement-processor] [           main] org.hibernate.orm.deprecation            : HHH90000025: H2Dialect does not need to be specified explicitly using 'hibernate.dialect' (remove the property setting and it will be selected by default)
2026-02-09T00:11:31.373+05:30  INFO 14687 --- [mt-statement-processor] [           main] o.h.e.t.j.p.i.JtaPlatformInitiator       : HHH000489: No JTA platform available (set 'hibernate.transaction.jta.platform' to enable JTA platform integration)
2026-02-09T00:11:31.374+05:30  INFO 14687 --- [mt-statement-processor] [           main] j.LocalContainerEntityManagerFactoryBean : Initialized JPA EntityManagerFactory for persistence unit 'default'
2026-02-09T00:11:31.401+05:30  INFO 14687 --- [mt-statement-processor] [           main] c.bank.mt.aggregation.AggregationFilter  : Aggregation filter cache refreshed: allowed BICs=[BANKGB22, CLIENTBI], excluded branches=[]
2026-02-09T00:11:31.444+05:30  INFO 14687 --- [mt-statement-processor] [           main] com.bank.mt.routing.RoutingService       : Routing cache refreshed: 2 rules, 1 relay configs, 0 excluded branches
2026-02-09T00:11:31.456+05:30  WARN 14687 --- [mt-statement-processor] [           main] JpaBaseConfiguration$JpaWebConfiguration : spring.jpa.open-in-view is enabled by default. Therefore, database queries may be performed during view rendering. Explicitly configure spring.jpa.open-in-view to disable this warning
2026-02-09T00:11:31.469+05:30  INFO 14687 --- [mt-statement-processor] [           main] o.s.b.a.w.s.WelcomePageHandlerMapping    : Adding welcome page: class path resource [static/index.html]
2026-02-09T00:11:31.515+05:30  INFO 14687 --- [mt-statement-processor] [           main] o.s.b.a.e.web.EndpointLinksResolver      : Exposing 3 endpoint(s) beneath base path '/actuator'
2026-02-09T00:11:31.524+05:30  INFO 14687 --- [mt-statement-processor] [           main] o.s.s.web.DefaultSecurityFilterChain     : Will secure any request with [org.springframework.security.web.session.DisableEncodeUrlFilter@353e91dc, org.springframework.security.web.context.request.async.WebAsyncManagerIntegrationFilter@24257f51, org.springframework.security.web.context.SecurityContextHolderFilter@45d39ccd, org.springframework.security.web.header.HeaderWriterFilter@4df7fe18, org.springframework.web.filter.CorsFilter@4de5d133, org.springframework.security.web.authentication.logout.LogoutFilter@52ac965f, org.springframework.security.web.authentication.www.BasicAuthenticationFilter@50982248, org.springframework.security.web.savedrequest.RequestCacheAwareFilter@11d176f8, org.springframework.security.web.servletapi.SecurityContextHolderAwareRequestFilter@628082cd, org.springframework.security.web.authentication.AnonymousAuthenticationFilter@78df2a0e, org.springframework.security.web.access.ExceptionTranslationFilter@474e12fe, org.springframework.security.web.access.intercept.AuthorizationFilter@4c28095f]
2026-02-09T00:11:31.580+05:30  INFO 14687 --- [mt-statement-processor] [           main] o.s.b.a.h2.H2ConsoleAutoConfiguration    : H2 console available at '/h2-console'. Database available at 'jdbc:h2:mem:mtdb'
2026-02-09T00:11:31.590+05:30  INFO 14687 --- [mt-statement-processor] [           main] com.bank.mt.EndToEndIntegrationTest      : Started EndToEndIntegrationTest in 0.38 seconds (process running for 7.212)
2026-02-09T00:11:31.603+05:30  INFO 14687 --- [mt-statement-processor] [           main] com.bank.mt.routing.RoutingService       : Routing cache refreshed: 3 rules, 1 relay configs, 0 excluded branches
2026-02-09T00:11:31.606+05:30  INFO 14687 --- [mt-statement-processor] [           main] com.bank.mt.routing.RoutingService       : Routing cache refreshed: 3 rules, 1 relay configs, 0 excluded branches
2026-02-09T00:11:31.611+05:30  INFO 14687 --- [mt-statement-processor] [           main] com.bank.mt.routing.RoutingService       : Routing cache refreshed: 2 rules, 1 relay configs, 0 excluded branches
2026-02-09T00:11:31.613+05:30  INFO 14687 --- [mt-statement-processor] [           main] j.LocalContainerEntityManagerFactoryBean : Closing JPA EntityManagerFactory for persistence unit 'default'
2026-02-09T00:11:31.613+05:30  INFO 14687 --- [mt-statement-processor] [           main] com.zaxxer.hikari.HikariDataSource       : HikariPool-5 - Shutdown initiated...
2026-02-09T00:11:31.614+05:30  INFO 14687 --- [mt-statement-processor] [           main] com.zaxxer.hikari.HikariDataSource       : HikariPool-5 - Shutdown completed.
]]></system-out>
  </testcase>
  <testcase name="fileRuleLoad_replacesOnlyFileRules" classname="com.bank.mt.EndToEndIntegrationTest" time="0.016">
    <system-out><![CDATA[
  .   ____          _            __ _ _
 /\\ / ___'_ __ _ _(_)_ __  __ _ \ \ \ \
( ( )\___ | '_ | '_| | '_ \/ _` | \ \ \ \
 \\/  ___)| |_)| | | | | || (_| |  ) ) ) )
  '  |____| .__|_| |_|_| |_\__, | / / / /
 =========|_|==============|___/=/_/_/_/
 :: Spring Boot ::                (v3.2.2)

2026-02-09T00:11:31.622+05:30  INFO 14687 --- [mt-statement-processor] [           main] com.bank.mt.EndToEndIntegrationTest      : Starting EndToEndIntegrationTest using Java 17.0.11 with PID 14687 (started by megh in /Users/megh/Desktop/Statements)
2026-02-09T00:11:31.622+05:30  INFO 14687 --- [mt-statement-processor] [           main] com.bank.mt.EndToEndIntegrationTest      : No active profile set, falling back to 1 default profile: "default"
2026-02-09T00:11:31.687+05:30  INFO 14687 --- [mt-statement-processor] [           main] .s.d.r.c.RepositoryConfigurationDelegate : Bootstrapping Spring Data JPA repositories in DEFAULT mode.
2026-02-09T00:11:31.691+05:30  INFO 14687 --- [mt-statement-processor] [           main] .s.d.r.c.RepositoryConfigurationDelegate : Finished Spring Data repository scanning in 4 ms. Found 7 JPA repository interfaces.
2026-02-09T00:11:31.718+05:30  INFO 14687 --- [mt-statement-processor] [           main] com.zaxxer.hikari.HikariDataSource       : HikariPool-6 - Starting...
2026-02-09T00:11:31.718+05:30  INFO 14687 --- [mt-statement-processor] [           main] com.zaxxer.hikari.pool.HikariPool        : HikariPool-6 - Added connection conn50: url=jdbc:h2:mem:mtdb user=SA
2026-02-09T00:11:31.718+05:30  INFO 14687 --- [mt-statement-processor] [           main] com.zaxxer.hikari.HikariDataSource       : HikariPool-6 - Start completed.
2026-02-09T00:11:31.721+05:30  INFO 14687 --- [mt-statement-processor] [           main] org.flywaydb.core.FlywayExecutor         : Database: jdbc:h2:mem:mtdb (H2 2.2)
2026-02-09T00:11:31.721+05:30  WARN 14687 --- [mt-statement-processor] [           main] o.f.c.internal.database.base.Database    : Flyway upgrade recommended: H2 2.2.224 is newer than this version of Flyway and support has not been tested. The latest supported version of H2 is 2.2.220.
2026-02-09T00:11:31.723+05:30  INFO 14687 --- [mt-statement-processor] [           main] o.f.core.internal.command.DbValidate     : Successfully validated 4 migrations (execution time 00:00.001s)
2026-02-09T00:11:31.724+05:30  INFO 14687 --- [mt-statement-processor] [           main] o.f.core.internal.command.DbMigrate      : Current version of schema "PUBLIC": 4
2026-02-09T00:11:31.724+05:30  INFO 14687 --- [mt-statement-processor] [           main] o.f.core.internal.command.DbMigrate      : Schema "PUBLIC" is up to date. No migration necessary.
2026-02-09T00:11:31.731+05:30  INFO 14687 --- [mt-statement-processor] [           main] o.hibernate.jpa.internal.util.LogHelper  : HHH000204: Processing PersistenceUnitInfo [name: default]
2026-02-09T00:11:31.732+05:30  INFO 14687 --- [mt-statement-processor] [           main] o.h.c.internal.RegionFactoryInitiator    : HHH000026: Second-level cache disabled
2026-02-09T00:11:31.733+05:30  INFO 14687 --- [mt-statement-processor] [           main] o.s.o.j.p.SpringPersistenceUnitInfo      : No LoadTimeWeaver setup: ignoring JPA class transformer
2026-02-09T00:11:31.734+05:30  WARN 14687 --- [mt-statement-processor] [           main] org.hibernate.orm.deprecation            : HHH90000025: H2Dialect does not need to be specified explicitly using 'hibernate.dialect' (remove the property setting and it will be selected by default)
2026-02-09T00:11:31.766+05:30  INFO 14687 --- [mt-statement-processor] [           main] o.h.e.t.j.p.i.JtaPlatformInitiator       : HHH000489: No JTA platform available (set 'hibernate.transaction.jta.platform' to enable JTA platform integration)
2026-02-09T00:11:31.767+05:30  INFO 14687 --- [mt-statement-processor] [           main] j.LocalContainerEntityManagerFactoryBean : Initialized JPA EntityManagerFactory for persistence unit 'default'
2026-02-09T00:11:31.794+05:30  INFO 14687 --- [mt-statement-processor] [           main] c.bank.mt.aggregation.AggregationFilter  : Aggregation filter cache refreshed: allowed BICs=[BANKGB22, CLIENTBI], excluded branches=[]
2026-02-09T00:11:31.837+05:30  INFO 14687 --- [mt-statement-processor] [           main] com.bank.mt.routing.RoutingService       : Routing cache refreshed: 2 rules, 1 relay configs, 0 excluded branches
2026-02-09T00:11:31.848+05:30  WARN 14687 --- [mt-statement-processor] [           main] JpaBaseConfiguration$JpaWebConfiguration : spring.jpa.open-in-view is enabled by default. Therefore, database queries may be performed during view rendering. Explicitly configure spring.jpa.open-in-view to disable this warning
2026-02-09T00:11:31.862+05:30  INFO 14687 --- [mt-statement-processor] [           main] o.s.b.a.w.s.WelcomePageHandlerMapping    : Adding welcome page: class path resource [static/index.html]
2026-02-09T00:11:31.905+05:30  INFO 14687 --- [mt-statement-processor] [           main] o.s.b.a.e.web.EndpointLinksResolver      : Exposing 3 endpoint(s) beneath base path '/actuator'
2026-02-09T00:11:31.916+05:30  INFO 14687 --- [mt-statement-processor] [           main] o.s.s.web.DefaultSecurityFilterChain     : Will secure any request with [org.springframework.security.web.session.DisableEncodeUrlFilter@79ee75b5, org.springframework.security.web.context.request.async.WebAsyncManagerIntegrationFilter@1a4db85, org.springframework.security.web.context.SecurityContextHolderFilter@151f21a4, org.springframework.security.web.header.HeaderWriterFilter@7e0bcdeb, org.springframework.web.filter.CorsFilter@647aa680, org.springframework.security.web.authentication.logout.LogoutFilter@1fbb7b9b, org.springframework.security.web.authentication.www.BasicAuthenticationFilter@faef38e, org.springframework.security.web.savedrequest.RequestCacheAwareFilter@6d7a772e, org.springframework.security.web.servletapi.SecurityContextHolderAwareRequestFilter@e5a570, org.springframework.security.web.authentication.AnonymousAuthenticationFilter@ee73f75, org.springframework.security.web.access.ExceptionTranslationFilter@55ba69f3, org.springframework.security.web.access.intercept.AuthorizationFilter@2411abcf]
2026-02-09T00:11:31.978+05:30  INFO 14687 --- [mt-statement-processor] [           main] o.s.b.a.h2.H2ConsoleAutoConfiguration    : H2 console available at '/h2-console'. Database available at 'jdbc:h2:mem:mtdb'
2026-02-09T00:11:31.989+05:30  INFO 14687 --- [mt-statement-processor] [           main] com.bank.mt.EndToEndIntegrationTest      : Started EndToEndIntegrationTest in 0.374 seconds (process running for 7.611)
2026-02-09T00:11:31.992+05:30  INFO 14687 --- [mt-statement-processor] [           main] c.bank.mt.ruleloader.RuleLoaderService   : Loading routing rules from: classpath:rules/routing-rules.csv
2026-02-09T00:11:31.998+05:30  INFO 14687 --- [mt-statement-processor] [           main] c.bank.mt.ruleloader.RuleLoaderService   : Loaded 4 FILE rules (batch=6636b94b-9fa5-4dae-976b-e8b6a48b7b54)
2026-02-09T00:11:32.000+05:30  INFO 14687 --- [mt-statement-processor] [           main] com.bank.mt.routing.RoutingService       : Routing cache refreshed: 7 rules, 1 relay configs, 0 excluded branches
2026-02-09T00:11:32.005+05:30  INFO 14687 --- [mt-statement-processor] [           main] j.LocalContainerEntityManagerFactoryBean : Closing JPA EntityManagerFactory for persistence unit 'default'
2026-02-09T00:11:32.005+05:30  INFO 14687 --- [mt-statement-processor] [           main] com.zaxxer.hikari.HikariDataSource       : HikariPool-6 - Shutdown initiated...
2026-02-09T00:11:32.006+05:30  INFO 14687 --- [mt-statement-processor] [           main] com.zaxxer.hikari.HikariDataSource       : HikariPool-6 - Shutdown completed.
]]></system-out>
  </testcase>
</testsuite>