<?xml version="1.0" encoding="UTF-8"?>
<testsuite xmlns:xsi="http://www.w3.org/2001/XMLSchema-instance" xsi:noNamespaceSchemaLocation="https://maven.apache.org/surefire/maven-surefire-plugin/xsd/surefire-test-report-3.0.xsd" version="3.0" name="com.bank.mt.MtStatementProcessorApplicationTests" time="0.564" tests="1" errors="0" skipped="0" failures="0">
  <properties>
[...]
</properties>
  <testcase name="contextLoads" classname="com.bank.mt.MtStatementProcessorApplicationTests" time="0.001">
    <system-out><![CDATA[2026-02-09T00:11:27.870+05:30  INFO 14687 --- [mt-statement-processor] [           main] t.c.s.AnnotationConfigContextLoaderUtils : Could not detect default configuration classes for test class [com.bank.mt.MtStatementProcessorApplicationTests]: MtStatementProcessorApplicationTests does not declare any static, non-private, non-final, nested classes annotated with @Configuration.
2026-02-09T00:11:27.871+05:30  INFO 14687 --- [mt-statement-processor] [           main] .b.t.c.SpringBootTestContextBootstrapper : Found @SpringBootConfiguration com.bank.mt.MtStatementProcessorApplication for test class com.bank.mt.MtStatementProcessorApplicationTests

  .   ____          _            __ _ _
 /\\ / ___'_ __ _ _(_)_ __  __ _ \ \ \ \
( ( )\___ | '_ | '_| | '_ \/ _` | \ \ \ \
 \\/  ___)| |_)| | | | | || (_| |  ) ) ) )
  '  |____| .__|_| |_|_| |_\__, | / / / /
 =========|_|==============|___/=/_/_/_/
 :: Spring Boot ::                (v3.2.2)

2026-02-09T00:11:27.883+05:30  INFO 14687 --- [mt-statement-processor] [           main] b.m.MtStatementProcessorApplicationTests : Starting MtStatementProcessorApplicationTests using Java 17.0.11 with PID 14687 (started by megh in /Users/megh/Desktop/Statements)
2026-02-09T00:11:27.883+05:30  INFO 14687 --- [mt-statement-processor] [           main] b.m.MtStatementProcessorApplicationTests : No active profile set, falling back to 1 default profile: "default"
2026-02-09T00:11:27.966+05:30  INFO 14687 --- [mt-statement-processor] [           main] .s.d.r.c.RepositoryConfigurationDelegate : Bootstrapping Spring Data JPA repositories in DEFAULT mode.
2026-02-09T00:11:27.972+05:30  INFO 14687 --- [mt-statement-processor] [           main] .s.d.r.c.RepositoryConfigurationDelegate : Finished Spring Data repository scanning in 5 ms. Found 7 JPA repository interfaces.
2026-02-09T00:11:28.011+05:30  INFO 14687 --- [mt-statement-processor] [           main] com.zaxxer.hikari.HikariDataSource       : HikariPool-2 - Starting...
2026-02-09T00:11:28.012+05:30  INFO 14687 --- [mt-statement-processor] [           main] com.zaxxer.hikari.pool.HikariPool        : HikariPool-2 - Added connection conn10: url=jdbc:h2:mem:mtdb user=SA
2026-02-09T00:11:28.012+05:30  INFO 14687 --- [mt-statement-processor] [           main] com.zaxxer.hikari.HikariDataSource       : HikariPool-2 - Start completed.
2026-02-09T00:11:28.016+05:30  INFO 14687 --- [mt-statement-processor] [           main] org.flywaydb.core.FlywayExecutor         : Database: jdbc:h2:mem:mtdb (H2 2.2)
2026-02-09T00:11:28.016+05:30  WARN 14687 --- [mt-statement-processor] [           main] o.f.c.internal.database.base.Database    : Flyway upgrade recommended: H2 2.2.224 is newer than this version of Flyway and support has not been tested. The latest supported version of H2 is 2.2.220.
2026-02-09T00:11:28.017+05:30  INFO 14687 --- [mt-statement-processor] [           main] o.f.c.i.s.JdbcTableSchemaHistory         : Schema history table "PUBLIC"."flyway_schema_history" does not exist yet
2026-02-09T00:11:28.018+05:30  INFO 14687 --- [mt-statement-processor] [           main] o.f.core.internal.command.DbValidate     : Successfully validated 4 migrations (execution time 00:00.000s)
2026-02-09T00:11:28.018+05:30  INFO 14687 --- [mt-statement-processor] [           main] o.f.c.i.s.JdbcTableSchemaHistory         : Creating Schema History table "PUBLIC"."flyway_schema_history" ...
2026-02-09T00:11:28.021+05:30  INFO 14687 --- [mt-statement-processor] [           main] o.f.core.internal.command.DbMigrate      : Current version of schema "PUBLIC": << Empty Schema >>
2026-02-09T00:11:28.023+05:30  INFO 14687 --- [mt-statement-processor] [           main] o.f.core.internal.command.DbMigrate      : Migrating schema "PUBLIC" to version "1 - create tables"
2026-02-09T00:11:28.027+05:30  INFO 14687 --- [mt-statement-processor] [           main] o.f.core.internal.command.DbMigrate      : Migrating schema "PUBLIC" to version "2 - sample data"
2026-02-09T00:11:28.030+05:30  INFO 14687 --- [mt-statement-processor] [           main] o.f.core.internal.command.DbMigrate      : Migrating schema "PUBLIC" to version "3 - filter tables"
2026-02-09T00:11:28.033+05:30  INFO 14687 --- [mt-statement-processor] [           main] o.f.core.internal.command.DbMigrate      : Migrating schema "PUBLIC" to version "4 - secondary destinations"
2026-02-09T00:11:28.035+05:30  INFO 14687 --- [mt-statement-processor] [           main] o.f.core.internal.command.DbMigrate      : Successfully applied 4 migrations to schema "PUBLIC", now at version v4 (execution time 00:00.004s)
2026-02-09T00:11:28.046+05:30  INFO 14687 --- [mt-statement-processor] [           main] o.hibernate.jpa.internal.util.LogHelper  : HHH000204: Processing PersistenceUnitInfo [name: default]
2026-02-09T00:11:28.047+05:30  INFO 14687 --- [mt-statement-processor] [           main] o.h.c.internal.RegionFactoryInitiator    : HHH000026: Second-level cache disabled
2026-02-09T00:11:28.048+05:30  INFO 14687 --- [mt-statement-processor] [           main] o.s.o.j.p.SpringPersistenceUnitInfo      : No LoadTimeWeaver setup: ignoring JPA class transformer
2026-02-09T00:11:28.048+05:30  WARN 14687 --- [mt-statement-processor] [           main] org.hibernate.orm.deprecation            : HHH90000025: H2Dialect does not need to be specified explicitly using 'hibernate.dialect' (remove the property setting and it will be selected by default)
2026-02-09T00:11:28.099+05:30  INFO 14687 --- [mt-statement-processor] [           main] o.h.e.t.j.p.i.JtaPlatformInitiator       : HHH000489: No JTA platform available (set 'hibernate.transaction.jta.platform' to enable JTA platform integration)
2026-02-09T00:11:28.100+05:30  INFO 14687 --- [mt-statement-processor] [           main] j.LocalContainerEntityManagerFactoryBean : Initialized JPA EntityManagerFactory for persistence unit 'default'
2026-02-09T00:11:28.153+05:30  INFO 14687 --- [mt-statement-processor] [           main] c.bank.mt.aggregation.AggregationFilter  : Aggregation filter cache refreshed: allowed BICs=[BANKGB22, CLIENTBI], excluded branches=[]
2026-02-09T00:11:28.225+05:30  INFO 14687 --- [mt-statement-processor] [           main] com.bank.mt.routing.RoutingService       : Routing cache refreshed: 1 rules, 1 relay configs, 0 excluded branches
2026-02-09T00:11:28.240+05:30  WARN 14687 --- [mt-statement-processor] [           main] JpaBaseConfiguration$JpaWebConfiguration : spring.jpa.open-in-view is enabled by default. Therefore, database queries may be performed during view rendering. Explicitly configure spring.jpa.open-in-view to disable this warning
2026-02-09T00:11:28.256+05:30  INFO 14687 --- [mt-statement-processor] [           main] o.s.b.a.w.s.WelcomePageHandlerMapping    : Adding welcome page: class path resource [static/index.html]
2026-02-09T00:11:28.325+05:30  INFO 14687 --- [mt-statement-processor] [           main] o.s.b.a.e.web.EndpointLinksResolver      : Exposing 3 endpoint(s) beneath base path '/actuator'
2026-02-09T00:11:28.337+05:30  INFO 14687 --- [mt-statement-processor] [           main] o.s.s.web.DefaultSecurityFilterChain     : Will secure any request with [org.springframework.security.web.session.DisableEncodeUrlFilter@59209bcd, org.springframework.security.web.context.request.async.WebAsyncManagerIntegrationFilter@4ceb6854, org.springframework.security.web.context.SecurityContextHolderFilter@3d426638, org.springframework.security.web.header.HeaderWriterFilter@269bf0ac, org.springframework.web.filter.CorsFilter@59ccdde4, org.springframework.security.web.authentication.logout.LogoutFilter@47e869c4, org.springframework.security.web.authentication.www.BasicAuthenticationFilter@622eee0b, org.springframework.security.web.savedrequest.RequestCacheAwareFilter@5ea91363, org.springframework.security.web.servletapi.SecurityContextHolderAwareRequestFilter@4aca6d5a, org.springframework.security.web.authentication.AnonymousAuthenticationFilter@33b29c99, org.springframework.security.web.access.ExceptionTranslationFilter@4b8d9b97, org.springframework.security.web.access.intercept.AuthorizationFilter@48b4fecb]
2026-02-09T00:11:28.419+05:30  INFO 14687 --- [mt-statement-processor] [           main] o.s.b.a.h2.H2ConsoleAutoConfiguration    : H2 console available at '/h2-console'. Database available at 'jdbc:h2:mem:mtdb'
2026-02-09T00:11:28.431+05:30  INFO 14687 --- [mt-statement-processor] [           main] b.m.MtStatementProcessorApplicationTests : Started MtStatementProcessorApplicationTests in 0.558 seconds (process running for 4.052)
2026-02-09T00:11:28.433+05:30  INFO 14687 --- [mt-statement-processor] [   scheduling-1] c.b.m.i.PollingOdsIngestionStrategy      : Picked up 4 messages from ODS
]]></system-out>
  </testcase>
</testsuite>