<?xml version="1.0" encoding="UTF-8"?>
<testsuite xmlns:xsi="http://www.w3.org/2001/XMLSchema-instance" xsi:noNamespaceSchemaLocation="https://maven.apache.org/surefire/maven-surefire-plugin/xsd/surefire-test-report-3.0.xsd" version="3.0" name="com.bank.mt.AggregationTimeoutTest" time="3.262" tests="1" errors="0" skipped="0" failures="0">
  <properties>
[...]
</properties>
  <testcase name="expiredAggregation_isRejectedAndOdsMarkedFailed" classname="com.bank.mt.AggregationTimeoutTest" time="0.289">
    <system-out><![CDATA[21:08:01.752 [main] INFO org.springframework.test.context.support.AnnotationConfigContextLoaderUtils -- Could not detect default configuration classes for test class [com.bank.mt.AggregationTimeoutTest]: AggregationTimeoutTest does not declare any static, non-private, non-final, nested classes annotated with @Configuration.
21:08:01.800 [main] INFO org.springframework.boot.test.context.SpringBootTestContextBootstrapper -- Found @SpringBootConfiguration com.bank.mt.MtStatementProcessorApplication for test class com.bank.mt.AggregationTimeoutTest

  .   ____          _            __ _ _
 /\\ / ___'_ __ _ _(_)_ __  __ _ \ \ \ \
( ( )\___ | '_ | '_| | '_ \/ _` | \ \ \ \
 \\/  ___)| |_)| | | | | || (_| |  ) ) ) )
  '  |____| .__|_| |_|_| |_\__, | / / / /
 =========|_|==============|___/=/_/_/_/
 :: Spring Boot ::                (v3.2.2)

2026-02-08T21:08:01.978+05:30  INFO 11047 --- [mt-statement-processor] [           main] com.bank.mt.AggregationTimeoutTest       : Starting AggregationTimeoutTest using Java 17.0.11 with PID 11047 (started by megh in /Users/megh/Desktop/Statements)
2026-02-08T21:08:01.979+05:30  INFO 11047 --- [mt-statement-processor] [           main] com.bank.mt.AggregationTimeoutTest       : The following 1 profile is active: "test"
2026-02-08T21:08:02.349+05:30  INFO 11047 --- [mt-statement-processor] [           main] .s.d.r.c.RepositoryConfigurationDelegate : Bootstrapping Spring Data JPA repositories in DEFAULT mode.
2026-02-08T21:08:02.374+05:30  INFO 11047 --- [mt-statement-processor] [           main] .s.d.r.c.RepositoryConfigurationDelegate : Finished Spring Data repository scanning in 22 ms. Found 7 JPA repository interfaces.
2026-02-08T21:08:02.649+05:30  INFO 11047 --- [mt-statement-processor] [           main] com.zaxxer.hikari.HikariDataSource       : HikariPool-1 - Starting...
2026-02-08T21:08:02.728+05:30  INFO 11047 --- [mt-statement-processor] [           main] com.zaxxer.hikari.pool.HikariPool        : HikariPool-1 - Added connection conn0: url=jdbc:h2:mem:testdb user=SA
2026-02-08T21:08:02.728+05:30  INFO 11047 --- [mt-statement-processor] [           main] com.zaxxer.hikari.HikariDataSource       : HikariPool-1 - Start completed.
2026-02-08T21:08:02.759+05:30  INFO 11047 --- [mt-statement-processor] [           main] o.f.c.internal.license.VersionPrinter    : Flyway Community Edition 9.22.3 by Redgate
2026-02-08T21:08:02.759+05:30  INFO 11047 --- [mt-statement-processor] [           main] o.f.c.internal.license.VersionPrinter    : See release notes here: https://rd.gt/416ObMi
2026-02-08T21:08:02.759+05:30  INFO 11047 --- [mt-statement-processor] [           main] o.f.c.internal.license.VersionPrinter    : 
2026-02-08T21:08:02.775+05:30  INFO 11047 --- [mt-statement-processor] [           main] org.flywaydb.core.FlywayExecutor         : Database: jdbc:h2:mem:testdb (H2 2.2)
2026-02-08T21:08:02.779+05:30  WARN 11047 --- [mt-statement-processor] [           main] o.f.c.internal.database.base.Database    : Flyway upgrade recommended: H2 2.2.224 is newer than this version of Flyway and support has not been tested. The latest supported version of H2 is 2.2.220.
2026-02-08T21:08:02.786+05:30  INFO 11047 --- [mt-statement-processor] [           main] o.f.c.i.s.JdbcTableSchemaHistory         : Schema history table "PUBLIC"."flyway_schema_history" does not exist yet
2026-02-08T21:08:02.787+05:30  INFO 11047 --- [mt-statement-processor] [           main] o.f.core.internal.command.DbValidate     : Successfully validated 3 migrations (execution time 00:00.004s)
2026-02-08T21:08:02.789+05:30  INFO 11047 --- [mt-statement-processor] [           main] o.f.c.i.s.JdbcTableSchemaHistory         : Creating Schema History table "PUBLIC"."flyway_schema_history" ...
2026-02-08T21:08:02.798+05:30  INFO 11047 --- [mt-statement-processor] [           main] o.f.core.internal.command.DbMigrate      : Current version of schema "PUBLIC": << Empty Schema >>
2026-02-08T21:08:02.802+05:30  INFO 11047 --- [mt-statement-processor] [           main] o.f.core.internal.command.DbMigrate      : Migrating schema "PUBLIC" to version "1 - create tables"
2026-02-08T21:08:02.814+05:30  INFO 11047 --- [mt-statement-processor] [           main] o.f.core.internal.command.DbMigrate      : Migrating schema "PUBLIC" to version "2 - sample data"
2026-02-08T21:08:02.818+05:30  INFO 11047 --- [mt-statement-processor] [           main] o.f.core.internal.command.DbMigrate      : Migrating schema "PUBLIC" to version "3 - filter tables"
2026-02-08T21:08:02.823+05:30  INFO 11047 --- [mt-statement-processor] [           main] o.f.core.internal.command.DbMigrate      : Successfully applied 3 migrations to schema "PUBLIC", now at version v3 (execution time 00:00.009s)
2026-02-08T21:08:02.871+05:30  INFO 11047 --- [mt-statement-processor] [           main] o.hibernate.jpa.internal.util.LogHelper  : HHH000204: Processing PersistenceUnitInfo [name: default]
2026-02-08T21:08:02.899+05:30  INFO 11047 --- [mt-statement-processor] [           main] org.hibernate.Version                    : HHH000412: Hibernate ORM core version 6.4.1.Final
2026-02-08T21:08:02.913+05:30  INFO 11047 --- [mt-statement-processor] [           main] o.h.c.internal.RegionFactoryInitiator    : HHH000026: Second-level cache disabled
2026-02-08T21:08:03.003+05:30  INFO 11047 --- [mt-statement-processor] [           main] o.s.o.j.p.SpringPersistenceUnitInfo      : No LoadTimeWeaver setup: ignoring JPA class transformer
2026-02-08T21:08:03.022+05:30  WARN 11047 --- [mt-statement-processor] [           main] org.hibernate.orm.deprecation            : HHH90000025: H2Dialect does not need to be specified explicitly using 'hibernate.dialect' (remove the property setting and it will be selected by default)
2026-02-08T21:08:03.463+05:30  INFO 11047 --- [mt-statement-processor] [           main] o.h.e.t.j.p.i.JtaPlatformInitiator       : HHH000489: No JTA platform available (set 'hibernate.transaction.jta.platform' to enable JTA platform integration)
2026-02-08T21:08:03.474+05:30  INFO 11047 --- [mt-statement-processor] [           main] j.LocalContainerEntityManagerFactoryBean : Initialized JPA EntityManagerFactory for persistence unit 'default'
Hibernate: 
    select
        abf1_0.id,
        abf1_0.active,
        abf1_0.bic_value,
        abf1_0.created_at,
        abf1_0.filter_type,
        abf1_0.updated_at 
    from
        aggregation_bic_filter abf1_0 
    where
        abf1_0.filter_type=? 
        and abf1_0.active
Hibernate: 
    select
        abf1_0.id,
        abf1_0.active,
        abf1_0.bic_value,
        abf1_0.created_at,
        abf1_0.filter_type,
        abf1_0.updated_at 
    from
        aggregation_bic_filter abf1_0 
    where
        abf1_0.filter_type=? 
        and abf1_0.active
2026-02-08T21:08:03.724+05:30  INFO 11047 --- [mt-statement-processor] [           main] c.bank.mt.aggregation.AggregationFilter  : Aggregation filter cache refreshed: allowed BICs=[BANKGB22, CLIENTBI], excluded branches=[]
2026-02-08T21:08:03.751+05:30  INFO 11047 --- [mt-statement-processor] [           main] o.s.d.j.r.query.QueryEnhancerFactory     : Hibernate is in classpath; If applicable, HQL parser will be used.
Hibernate: 
    select
        rr1_0.id,
        rr1_0.account_number,
        rr1_0.active,
        rr1_0.batch_id,
        rr1_0.created_at,
        rr1_0.destination_queue,
        rr1_0.message_type,
        rr1_0.receiver_bic,
        rr1_0.sender_bic,
        rr1_0.source,
        rr1_0.updated_at 
    from
        routing_rule rr1_0 
    where
        rr1_0.active
Hibernate: 
    select
        rc1_0.id,
        rc1_0.account_number,
        rc1_0.active,
        rc1_0.created_at,
        rc1_0.receiver_bic,
        rc1_0.sender_bic,
        rc1_0.updated_at 
    from
        relay_config rc1_0 
    where
        rc1_0.active
Hibernate: 
    select
        rbe1_0.id,
        rbe1_0.active,
        rbe1_0.created_at,
        rbe1_0.receiver_bic,
        rbe1_0.updated_at 
    from
        routing_bic_exclusion rbe1_0 
    where
        rbe1_0.active
2026-02-08T21:08:04.035+05:30  INFO 11047 --- [mt-statement-processor] [           main] com.bank.mt.routing.RoutingService       : Routing cache refreshed: 1 rules, 1 relay configs, 0 excluded BICs
2026-02-08T21:08:04.080+05:30  WARN 11047 --- [mt-statement-processor] [           main] JpaBaseConfiguration$JpaWebConfiguration : spring.jpa.open-in-view is enabled by default. Therefore, database queries may be performed during view rendering. Explicitly configure spring.jpa.open-in-view to disable this warning
2026-02-08T21:08:04.152+05:30  INFO 11047 --- [mt-statement-processor] [           main] o.s.b.a.w.s.WelcomePageHandlerMapping    : Adding welcome page: class path resource [static/index.html]
2026-02-08T21:08:04.314+05:30  INFO 11047 --- [mt-statement-processor] [           main] o.s.b.a.e.web.EndpointLinksResolver      : Exposing 3 endpoint(s) beneath base path '/actuator'
2026-02-08T21:08:04.356+05:30  INFO 11047 --- [mt-statement-processor] [           main] o.s.s.web.DefaultSecurityFilterChain     : Will secure any request with [org.springframework.security.web.session.DisableEncodeUrlFilter@3b5299a3, org.springframework.security.web.context.request.async.WebAsyncManagerIntegrationFilter@393d1a05, org.springframework.security.web.context.SecurityContextHolderFilter@4b2be6f8, org.springframework.security.web.header.HeaderWriterFilter@34a91445, org.springframework.web.filter.CorsFilter@7e8c465d, org.springframework.security.web.authentication.logout.LogoutFilter@7d65286a, org.springframework.security.web.authentication.www.BasicAuthenticationFilter@38db8089, org.springframework.security.web.savedrequest.RequestCacheAwareFilter@3842ccf9, org.springframework.security.web.servletapi.SecurityContextHolderAwareRequestFilter@4e0b9055, org.springframework.security.web.authentication.AnonymousAuthenticationFilter@6d5ef5ee, org.springframework.security.web.access.ExceptionTranslationFilter@1f146411, org.springframework.security.web.access.intercept.AuthorizationFilter@268c4507]
2026-02-08T21:08:04.593+05:30  INFO 11047 --- [mt-statement-processor] [           main] o.s.b.a.h2.H2ConsoleAutoConfiguration    : H2 console available at '/h2-console'. Database available at 'jdbc:h2:mem:testdb'
2026-02-08T21:08:04.627+05:30  INFO 11047 --- [mt-statement-processor] [           main] com.bank.mt.AggregationTimeoutTest       : Started AggregationTimeoutTest in 2.773 seconds (process running for 3.16)
Hibernate: 
    select
        mmo1_0.id,
        mmo1_0.created_at,
        mmo1_0.error_reason,
        mmo1_0.raw_message,
        mmo1_0.retry_count,
        mmo1_0.status,
        mmo1_0.updated_at 
    from
        mt_message_ods mmo1_0 
    where
        mmo1_0.status=? 
    order by
        mmo1_0.id 
    offset
        ? rows 
    fetch
        first ? rows only
2026-02-08T21:08:04.635+05:30  INFO 11047 --- [mt-statement-processor] [   scheduling-1] c.b.m.i.PollingOdsIngestionStrategy      : Picked up 4 messages from ODS
Hibernate: 
    update
        mt_message_ods 
    set
        status=?,
        updated_at=localtimestamp 
    where
        id in (?, ?, ?, ?) 
        and status=?
2026-02-08T21:08:04.647+05:30  INFO 11047 --- [mt-statement-processor] [   scheduling-1] c.b.mt.aggregation.AggregationService    : Single-page MT940 ref=REF123 — skipping aggregation
2026-02-08T21:08:04.647+05:30  INFO 11047 --- [mt-statement-processor] [   scheduling-1] com.bank.mt.routing.RoutingService       : Routing result for ref=REF123: destinations=[REPORTING.Q1], relay=true
2026-02-08T21:08:04.648+05:30  INFO 11047 --- [mt-statement-processor] [     delivery-1] c.bank.mt.delivery.MockDeliveryAdapter   : MOCK DELIVERY → dest=REPORTING.Q1 type=MT940 ref=REF123 acct=123456789
2026-02-08T21:08:04.648+05:30  INFO 11047 --- [mt-statement-processor] [     delivery-1] c.bank.mt.delivery.MockDeliveryAdapter   : MOCK DELIVERY → dest=SWIFT.RELAY type=MT940 ref=REF123 acct=123456789
Hibernate: 
    select
        ma1_0.id,
        ma1_0.account_number,
        ma1_0.created_at,
        ma1_0.message_type,
        ma1_0.received_pages,
        ma1_0.statement_number,
        ma1_0.status,
        ma1_0.total_pages,
        ma1_0.updated_at,
        ma1_0.version 
    from
        mt_aggregation ma1_0 
    where
        ma1_0.statement_number=? 
        and ma1_0.account_number=? 
        and ma1_0.message_type=?
Hibernate: 
    insert 
    into
        mt_aggregation
        (account_number, created_at, message_type, received_pages, statement_number, status, total_pages, updated_at, version, id) 
    values
        (?, ?, ?, ?, ?, ?, ?, ?, ?, default)
Hibernate: 
    insert 
    into
        mt_aggregation_page
        (aggregation_id, checksum, created_at, ods_message_id, page_number, raw_message, id) 
    values
        (?, ?, ?, ?, ?, ?, default)
2026-02-08T21:08:04.675+05:30  INFO 11047 --- [mt-statement-processor] [   scheduling-1] c.b.mt.aggregation.AggregationService    : Aggregation in progress for stmt=00002 acct=123456789 (1/2 pages)
2026-02-08T21:08:04.675+05:30  INFO 11047 --- [mt-statement-processor] [   scheduling-1] c.b.mt.aggregation.AggregationService    : Single-page MT940 ref=REF456 — skipping aggregation
2026-02-08T21:08:04.675+05:30  INFO 11047 --- [mt-statement-processor] [   scheduling-1] com.bank.mt.routing.RoutingService       : Routing result for ref=REF456: destinations=[REPORTING.Q1], relay=true
2026-02-08T21:08:04.675+05:30  INFO 11047 --- [mt-statement-processor] [     delivery-2] c.bank.mt.delivery.MockDeliveryAdapter   : MOCK DELIVERY → dest=REPORTING.Q1 type=MT940 ref=REF456 acct=123456789
2026-02-08T21:08:04.676+05:30  INFO 11047 --- [mt-statement-processor] [     delivery-2] c.bank.mt.delivery.MockDeliveryAdapter   : MOCK DELIVERY → dest=SWIFT.RELAY type=MT940 ref=REF456 acct=123456789
2026-02-08T21:08:04.676+05:30  INFO 11047 --- [mt-statement-processor] [   scheduling-1] c.b.mt.aggregation.AggregationService    : Single-page MT942 ref=REF789 — skipping aggregation
2026-02-08T21:08:04.676+05:30  WARN 11047 --- [mt-statement-processor] [   scheduling-1] com.bank.mt.routing.RoutingService       : No routing rule matched for ref=REF789 acct=987654321 type=MT942 — routing to exception queue [EXCEPTION.QUEUE]
2026-02-08T21:08:04.676+05:30  INFO 11047 --- [mt-statement-processor] [   scheduling-1] com.bank.mt.routing.RoutingService       : Routing result for ref=REF789: destinations=[EXCEPTION.QUEUE], relay=false
2026-02-08T21:08:04.676+05:30  INFO 11047 --- [mt-statement-processor] [     delivery-3] c.bank.mt.delivery.MockDeliveryAdapter   : MOCK DELIVERY → dest=EXCEPTION.QUEUE type=MT942 ref=REF789 acct=987654321
Hibernate: 
    update
        mt_message_ods 
    set
        created_at=?,
        error_reason=?,
        raw_message=?,
        retry_count=?,
        status=?,
        updated_at=? 
    where
        id=?
Hibernate: 
    update
        mt_message_ods 
    set
        created_at=?,
        error_reason=?,
        raw_message=?,
        retry_count=?,
        status=?,
        updated_at=? 
    where
        id=?
Hibernate: 
    update
        mt_message_ods 
    set
        created_at=?,
        error_reason=?,
        raw_message=?,
        retry_count=?,
        status=?,
        updated_at=? 
    where
        id=?
Hibernate: 
    update
        mt_aggregation 
    set
        account_number=?,
        created_at=?,
        message_type=?,
        received_pages=?,
        statement_number=?,
        status=?,
        total_pages=?,
        updated_at=?,
        version=? 
    where
        id=? 
        and version=?
Hibernate: 
    select
        ma1_0.id,
        ma1_0.account_number,
        ma1_0.created_at,
        ma1_0.message_type,
        ma1_0.received_pages,
        ma1_0.statement_number,
        ma1_0.status,
        ma1_0.total_pages,
        ma1_0.updated_at,
        ma1_0.version 
    from
        mt_aggregation ma1_0 
    where
        ma1_0.status=? 
        and ma1_0.created_at<?
Hibernate: 
    insert 
    into
        mt_message_ods
        (created_at, error_reason, raw_message, retry_count, status, updated_at, id) 
    values
        (?, ?, ?, ?, ?, ?, default)
Hibernate: 
    insert 
    into
        mt_aggregation
        (account_number, created_at, message_type, received_pages, statement_number, status, total_pages, updated_at, version, id) 
    values
        (?, ?, ?, ?, ?, ?, ?, ?, ?, default)
Hibernate: 
    select
        ma1_0.id,
        ma1_0.account_number,
        ma1_0.created_at,
        ma1_0.message_type,
        ma1_0.received_pages,
        ma1_0.statement_number,
        ma1_0.status,
        ma1_0.total_pages,
        ma1_0.updated_at,
        ma1_0.version,
        p1_0.aggregation_id,
        p1_0.id,
        p1_0.checksum,
        p1_0.created_at,
        p1_0.ods_message_id,
        p1_0.page_number,
        p1_0.raw_message 
    from
        mt_aggregation ma1_0 
    left join
        mt_aggregation_page p1_0 
            on ma1_0.id=p1_0.aggregation_id 
    where
        ma1_0.id=? 
    order by
        p1_0.page_number
Hibernate: 
    update
        mt_aggregation 
    set
        account_number=?,
        created_at=?,
        message_type=?,
        received_pages=?,
        statement_number=?,
        status=?,
        total_pages=?,
        updated_at=?,
        version=? 
    where
        id=? 
        and version=?
Hibernate: 
    select
        ma1_0.id,
        ma1_0.account_number,
        ma1_0.created_at,
        ma1_0.message_type,
        ma1_0.received_pages,
        ma1_0.statement_number,
        ma1_0.status,
        ma1_0.total_pages,
        ma1_0.updated_at,
        ma1_0.version,
        p1_0.aggregation_id,
        p1_0.id,
        p1_0.checksum,
        p1_0.created_at,
        p1_0.ods_message_id,
        p1_0.page_number,
        p1_0.raw_message 
    from
        mt_aggregation ma1_0 
    left join
        mt_aggregation_page p1_0 
            on ma1_0.id=p1_0.aggregation_id 
    where
        ma1_0.id=? 
    order by
        p1_0.page_number
Hibernate: 
    insert 
    into
        mt_aggregation_page
        (aggregation_id, checksum, created_at, ods_message_id, page_number, raw_message, id) 
    values
        (?, ?, ?, ?, ?, ?, default)
Hibernate: 
    select
        ma1_0.id,
        ma1_0.account_number,
        ma1_0.created_at,
        ma1_0.message_type,
        ma1_0.received_pages,
        ma1_0.statement_number,
        ma1_0.status,
        ma1_0.total_pages,
        ma1_0.updated_at,
        ma1_0.version 
    from
        mt_aggregation ma1_0 
    where
        ma1_0.status=? 
        and ma1_0.created_at<?
2026-02-08T21:08:04.932+05:30  INFO 11047 --- [mt-statement-processor] [           main] c.b.m.s.AggregationExpiryScheduler       : Found 1 expired aggregations (cutoff=2026-02-08T20:08:04.931275)
Hibernate: 
    select
        p1_0.aggregation_id,
        p1_0.id,
        p1_0.checksum,
        p1_0.created_at,
        p1_0.ods_message_id,
        p1_0.page_number,
        p1_0.raw_message 
    from
        mt_aggregation_page p1_0 
    where
        p1_0.aggregation_id=? 
    order by
        p1_0.page_number
Hibernate: 
    select
        mmo1_0.id,
        mmo1_0.created_at,
        mmo1_0.error_reason,
        mmo1_0.raw_message,
        mmo1_0.retry_count,
        mmo1_0.status,
        mmo1_0.updated_at 
    from
        mt_message_ods mmo1_0 
    where
        mmo1_0.id=?
2026-02-08T21:08:04.935+05:30  WARN 11047 --- [mt-statement-processor] [           main] c.b.m.s.AggregationExpiryScheduler       : Rejected aggregation id=2 stmt=TIMEOUT_TEST acct=TIMEOUT_ACCT (1/3 pages received)
Hibernate: 
    update
        mt_aggregation 
    set
        account_number=?,
        created_at=?,
        message_type=?,
        received_pages=?,
        statement_number=?,
        status=?,
        total_pages=?,
        updated_at=?,
        version=? 
    where
        id=? 
        and version=?
Hibernate: 
    update
        mt_message_ods 
    set
        created_at=?,
        error_reason=?,
        raw_message=?,
        retry_count=?,
        status=?,
        updated_at=? 
    where
        id=?
Hibernate: 
    select
        ma1_0.id,
        ma1_0.account_number,
        ma1_0.created_at,
        ma1_0.message_type,
        ma1_0.received_pages,
        ma1_0.statement_number,
        ma1_0.status,
        ma1_0.total_pages,
        ma1_0.updated_at,
        ma1_0.version 
    from
        mt_aggregation ma1_0 
    where
        ma1_0.id=?
Hibernate: 
    select
        mmo1_0.id,
        mmo1_0.created_at,
        mmo1_0.error_reason,
        mmo1_0.raw_message,
        mmo1_0.retry_count,
        mmo1_0.status,
        mmo1_0.updated_at 
    from
        mt_message_ods mmo1_0 
    where
        mmo1_0.id=?
]]></system-out>
  </testcase>
</testsuite>