<?xml version="1.0" encoding="UTF-8"?>
<testsuite xmlns:xsi="http://www.w3.org/2001/XMLSchema-instance" xsi:noNamespaceSchemaLocation="https://maven.apache.org/surefire/maven-surefire-plugin/xsd/surefire-test-report-3.0.xsd" version="3.0" name="com.bank.mt.EndToEndIntegrationTest" time="3.574" tests="5" errors="0" skipped="0" failures="0">
  <properties>
[...]
</properties>
  <testcase name="singlePageMt940_endToEnd" classname="com.bank.mt.EndToEndIntegrationTest" time="0.528">
    <system-out><![CDATA[2026-02-08T21:08:05.493+05:30  INFO 11047 --- [mt-statement-processor] [           main] t.c.s.AnnotationConfigContextLoaderUtils : Could not detect default configuration classes for test class [com.bank.mt.EndToEndIntegrationTest]: EndToEndIntegrationTest does not declare any static, non-private, non-final, nested classes annotated with @Configuration.
2026-02-08T21:08:05.493+05:30  INFO 11047 --- [mt-statement-processor] [   scheduling-1] c.b.mt.aggregation.AggregationService    : Aggregation in progress for stmt=00002 acct=123456789 (1/2 pages)
2026-02-08T21:08:05.493+05:30  INFO 11047 --- [mt-statement-processor] [   scheduling-1] c.b.mt.aggregation.AggregationService    : Single-page MT940 ref=REF456 — skipping aggregation
2026-02-08T21:08:05.493+05:30  INFO 11047 --- [mt-statement-processor] [   scheduling-1] com.bank.mt.routing.RoutingService       : Routing result for ref=REF456: destinations=[REPORTING.Q1], relay=true
2026-02-08T21:08:05.493+05:30  INFO 11047 --- [mt-statement-processor] [           main] .b.t.c.SpringBootTestContextBootstrapper : Found @SpringBootConfiguration com.bank.mt.MtStatementProcessorApplication for test class com.bank.mt.EndToEndIntegrationTest
2026-02-08T21:08:05.493+05:30  INFO 11047 --- [mt-statement-processor] [   scheduling-1] c.b.mt.aggregation.AggregationService    : Single-page MT942 ref=REF789 — skipping aggregation
2026-02-08T21:08:05.493+05:30  WARN 11047 --- [mt-statement-processor] [   scheduling-1] com.bank.mt.routing.RoutingService       : No routing rule matched for ref=REF789 acct=987654321 type=MT942 — routing to exception queue [EXCEPTION.QUEUE]
2026-02-08T21:08:05.493+05:30  INFO 11047 --- [mt-statement-processor] [     delivery-2] c.bank.mt.delivery.MockDeliveryAdapter   : MOCK DELIVERY → dest=REPORTING.Q1 type=MT940 ref=REF456 acct=123456789
2026-02-08T21:08:05.494+05:30  INFO 11047 --- [mt-statement-processor] [     delivery-2] c.bank.mt.delivery.MockDeliveryAdapter   : MOCK DELIVERY → dest=SWIFT.RELAY type=MT940 ref=REF456 acct=123456789
2026-02-08T21:08:05.494+05:30  INFO 11047 --- [mt-statement-processor] [   scheduling-1] com.bank.mt.routing.RoutingService       : Routing result for ref=REF789: destinations=[EXCEPTION.QUEUE], relay=false
2026-02-08T21:08:05.494+05:30  INFO 11047 --- [mt-statement-processor] [     delivery-3] c.bank.mt.delivery.MockDeliveryAdapter   : MOCK DELIVERY → dest=EXCEPTION.QUEUE type=MT942 ref=REF789 acct=987654321
2026-02-08T21:08:05.503+05:30  INFO 11047 --- [mt-statement-processor] [           main] com.bank.mt.routing.RoutingService       : Routing cache refreshed: 1 rules, 1 relay configs, 0 excluded BICs
2026-02-08T21:08:05.505+05:30  INFO 11047 --- [mt-statement-processor] [           main] c.b.m.i.PollingOdsIngestionStrategy      : Picked up 1 messages from ODS
2026-02-08T21:08:05.506+05:30  INFO 11047 --- [mt-statement-processor] [           main] c.b.mt.aggregation.AggregationService    : Single-page MT940 ref=E2EREF01 — skipping aggregation
2026-02-08T21:08:05.507+05:30  INFO 11047 --- [mt-statement-processor] [           main] com.bank.mt.routing.RoutingService       : Routing result for ref=E2EREF01: destinations=[REPORTING.Q1], relay=true
2026-02-08T21:08:05.507+05:30  INFO 11047 --- [mt-statement-processor] [     delivery-4] c.bank.mt.delivery.MockDeliveryAdapter   : MOCK DELIVERY → dest=REPORTING.Q1 type=MT940 ref=E2EREF01 acct=123456789
2026-02-08T21:08:05.507+05:30  INFO 11047 --- [mt-statement-processor] [     delivery-4] c.bank.mt.delivery.MockDeliveryAdapter   : MOCK DELIVERY → dest=SWIFT.RELAY type=MT940 ref=E2EREF01 acct=123456789
2026-02-08T21:08:06.020+05:30  INFO 11047 --- [mt-statement-processor] [           main] j.LocalContainerEntityManagerFactoryBean : Closing JPA EntityManagerFactory for persistence unit 'default'
2026-02-08T21:08:06.022+05:30  INFO 11047 --- [mt-statement-processor] [           main] com.zaxxer.hikari.HikariDataSource       : HikariPool-2 - Shutdown initiated...
2026-02-08T21:08:06.023+05:30  INFO 11047 --- [mt-statement-processor] [           main] com.zaxxer.hikari.HikariDataSource       : HikariPool-2 - Shutdown completed.
]]></system-out>
  </testcase>
  <testcase name="multiPageMt940_aggregationAndDelivery" classname="com.bank.mt.EndToEndIntegrationTest" time="0.864">
    <system-out><![CDATA[
  .   ____          _            __ _ _
 /\\ / ___'_ __ _ _(_)_ __  __ _ \ \ \ \
( ( )\___ | '_ | '_| | '_ \/ _` | \ \ \ \
 \\/  ___)| |_)| | | | | || (_| |  ) ) ) )
  '  |____| .__|_| |_|_| |_\__, | / / / /
 =========|_|==============|___/=/_/_/_/
 :: Spring Boot ::                (v3.2.2)

2026-02-08T21:08:06.039+05:30  INFO 11047 --- [mt-statement-processor] [           main] com.bank.mt.EndToEndIntegrationTest      : Starting EndToEndIntegrationTest using Java 17.0.11 with PID 11047 (started by megh in /Users/megh/Desktop/Statements)
2026-02-08T21:08:06.040+05:30  INFO 11047 --- [mt-statement-processor] [           main] com.bank.mt.EndToEndIntegrationTest      : No active profile set, falling back to 1 default profile: "default"
2026-02-08T21:08:06.121+05:30  INFO 11047 --- [mt-statement-processor] [           main] .s.d.r.c.RepositoryConfigurationDelegate : Bootstrapping Spring Data JPA repositories in DEFAULT mode.
2026-02-08T21:08:06.126+05:30  INFO 11047 --- [mt-statement-processor] [           main] .s.d.r.c.RepositoryConfigurationDelegate : Finished Spring Data repository scanning in 5 ms. Found 7 JPA repository interfaces.
2026-02-08T21:08:06.159+05:30  INFO 11047 --- [mt-statement-processor] [           main] com.zaxxer.hikari.HikariDataSource       : HikariPool-3 - Starting...
2026-02-08T21:08:06.160+05:30  INFO 11047 --- [mt-statement-processor] [           main] com.zaxxer.hikari.pool.HikariPool        : HikariPool-3 - Added connection conn20: url=jdbc:h2:mem:mtdb user=SA
2026-02-08T21:08:06.160+05:30  INFO 11047 --- [mt-statement-processor] [           main] com.zaxxer.hikari.HikariDataSource       : HikariPool-3 - Start completed.
2026-02-08T21:08:06.163+05:30  INFO 11047 --- [mt-statement-processor] [           main] org.flywaydb.core.FlywayExecutor         : Database: jdbc:h2:mem:mtdb (H2 2.2)
2026-02-08T21:08:06.163+05:30  WARN 11047 --- [mt-statement-processor] [           main] o.f.c.internal.database.base.Database    : Flyway upgrade recommended: H2 2.2.224 is newer than this version of Flyway and support has not been tested. The latest supported version of H2 is 2.2.220.
2026-02-08T21:08:06.165+05:30  INFO 11047 --- [mt-statement-processor] [           main] o.f.core.internal.command.DbValidate     : Successfully validated 3 migrations (execution time 00:00.001s)
2026-02-08T21:08:06.166+05:30  INFO 11047 --- [mt-statement-processor] [           main] o.f.core.internal.command.DbMigrate      : Current version of schema "PUBLIC": 3
2026-02-08T21:08:06.166+05:30  INFO 11047 --- [mt-statement-processor] [           main] o.f.core.internal.command.DbMigrate      : Schema "PUBLIC" is up to date. No migration necessary.
2026-02-08T21:08:06.174+05:30  INFO 11047 --- [mt-statement-processor] [           main] o.hibernate.jpa.internal.util.LogHelper  : HHH000204: Processing PersistenceUnitInfo [name: default]
2026-02-08T21:08:06.175+05:30  INFO 11047 --- [mt-statement-processor] [           main] o.h.c.internal.RegionFactoryInitiator    : HHH000026: Second-level cache disabled
2026-02-08T21:08:06.176+05:30  INFO 11047 --- [mt-statement-processor] [           main] o.s.o.j.p.SpringPersistenceUnitInfo      : No LoadTimeWeaver setup: ignoring JPA class transformer
2026-02-08T21:08:06.176+05:30  WARN 11047 --- [mt-statement-processor] [           main] org.hibernate.orm.deprecation            : HHH90000025: H2Dialect does not need to be specified explicitly using 'hibernate.dialect' (remove the property setting and it will be selected by default)
2026-02-08T21:08:06.220+05:30  INFO 11047 --- [mt-statement-processor] [           main] o.h.e.t.j.p.i.JtaPlatformInitiator       : HHH000489: No JTA platform available (set 'hibernate.transaction.jta.platform' to enable JTA platform integration)
2026-02-08T21:08:06.221+05:30  INFO 11047 --- [mt-statement-processor] [           main] j.LocalContainerEntityManagerFactoryBean : Initialized JPA EntityManagerFactory for persistence unit 'default'
2026-02-08T21:08:06.253+05:30  INFO 11047 --- [mt-statement-processor] [           main] c.bank.mt.aggregation.AggregationFilter  : Aggregation filter cache refreshed: allowed BICs=[BANKGB22, CLIENTBI], excluded branches=[]
2026-02-08T21:08:06.309+05:30  INFO 11047 --- [mt-statement-processor] [           main] com.bank.mt.routing.RoutingService       : Routing cache refreshed: 1 rules, 1 relay configs, 0 excluded BICs
2026-02-08T21:08:06.321+05:30  WARN 11047 --- [mt-statement-processor] [           main] JpaBaseConfiguration$JpaWebConfiguration : spring.jpa.open-in-view is enabled by default. Therefore, database queries may be performed during view rendering. Explicitly configure spring.jpa.open-in-view to disable this warning
2026-02-08T21:08:06.335+05:30  INFO 11047 --- [mt-statement-processor] [           main] o.s.b.a.w.s.WelcomePageHandlerMapping    : Adding welcome page: class path resource [static/index.html]
2026-02-08T21:08:06.389+05:30  INFO 11047 --- [mt-statement-processor] [           main] o.s.b.a.e.web.EndpointLinksResolver      : Exposing 3 endpoint(s) beneath base path '/actuator'
2026-02-08T21:08:06.401+05:30  INFO 11047 --- [mt-statement-processor] [           main] o.s.s.web.DefaultSecurityFilterChain     : Will secure any request with [org.springframework.security.web.session.DisableEncodeUrlFilter@f42576a, org.springframework.security.web.context.request.async.WebAsyncManagerIntegrationFilter@3782e08a, org.springframework.security.web.context.SecurityContextHolderFilter@2f6aa16, org.springframework.security.web.header.HeaderWriterFilter@28b15698, org.springframework.web.filter.CorsFilter@19e7adf0, org.springframework.security.web.authentication.logout.LogoutFilter@95536c5, org.springframework.security.web.authentication.www.BasicAuthenticationFilter@4b0e6ed6, org.springframework.security.web.savedrequest.RequestCacheAwareFilter@2afdfcc3, org.springframework.security.web.servletapi.SecurityContextHolderAwareRequestFilter@46261779, org.springframework.security.web.authentication.AnonymousAuthenticationFilter@6f509663, org.springframework.security.web.access.ExceptionTranslationFilter@11ff1c7f, org.springframework.security.web.access.intercept.AuthorizationFilter@3d945944]
2026-02-08T21:08:06.474+05:30  INFO 11047 --- [mt-statement-processor] [           main] o.s.b.a.h2.H2ConsoleAutoConfiguration    : H2 console available at '/h2-console'. Database available at 'jdbc:h2:mem:mtdb'
2026-02-08T21:08:06.488+05:30  INFO 11047 --- [mt-statement-processor] [           main] com.bank.mt.EndToEndIntegrationTest      : Started EndToEndIntegrationTest in 0.463 seconds (process running for 5.021)
2026-02-08T21:08:06.492+05:30  INFO 11047 --- [mt-statement-processor] [           main] c.b.m.i.PollingOdsIngestionStrategy      : Picked up 1 messages from ODS
2026-02-08T21:08:06.496+05:30  INFO 11047 --- [mt-statement-processor] [           main] c.b.mt.aggregation.AggregationService    : Aggregation in progress for stmt=00010 acct=123456789 (1/0 pages)
2026-02-08T21:08:06.804+05:30  INFO 11047 --- [mt-statement-processor] [           main] com.bank.mt.routing.RoutingService       : Routing cache refreshed: 1 rules, 1 relay configs, 0 excluded BICs
2026-02-08T21:08:06.805+05:30  INFO 11047 --- [mt-statement-processor] [           main] c.b.m.i.PollingOdsIngestionStrategy      : Picked up 1 messages from ODS
2026-02-08T21:08:06.811+05:30  INFO 11047 --- [mt-statement-processor] [           main] c.b.mt.aggregation.AggregationService    : Aggregation complete for stmt=00010 acct=123456789 (2 pages)
2026-02-08T21:08:06.811+05:30  INFO 11047 --- [mt-statement-processor] [           main] com.bank.mt.routing.RoutingService       : Routing result for ref=MPREF01: destinations=[REPORTING.Q1], relay=true
2026-02-08T21:08:06.811+05:30  INFO 11047 --- [mt-statement-processor] [     delivery-1] c.bank.mt.delivery.MockDeliveryAdapter   : MOCK DELIVERY → dest=REPORTING.Q1 type=MT940 ref=MPREF01 acct=123456789
2026-02-08T21:08:06.812+05:30  INFO 11047 --- [mt-statement-processor] [     delivery-1] c.bank.mt.delivery.MockDeliveryAdapter   : MOCK DELIVERY → dest=SWIFT.RELAY type=MT940 ref=MPREF01 acct=123456789
2026-02-08T21:08:07.351+05:30  INFO 11047 --- [mt-statement-processor] [           main] j.LocalContainerEntityManagerFactoryBean : Closing JPA EntityManagerFactory for persistence unit 'default'
2026-02-08T21:08:07.351+05:30  INFO 11047 --- [mt-statement-processor] [           main] com.zaxxer.hikari.HikariDataSource       : HikariPool-3 - Shutdown initiated...
2026-02-08T21:08:07.352+05:30  INFO 11047 --- [mt-statement-processor] [           main] com.zaxxer.hikari.HikariDataSource       : HikariPool-3 - Shutdown completed.
]]></system-out>
  </testcase>
  <testcase name="mt942_routesCorrectly" classname="com.bank.mt.EndToEndIntegrationTest" time="0.521">
    <system-out><![CDATA[
  .   ____          _            __ _ _
 /\\ / ___'_ __ _ _(_)_ __  __ _ \ \ \ \
( ( )\___ | '_ | '_| | '_ \/ _` | \ \ \ \
 \\/  ___)| |_)| | | | | || (_| |  ) ) ) )
  '  |____| .__|_| |_|_| |_\__, | / / / /
 =========|_|==============|___/=/_/_/_/
 :: Spring Boot ::                (v3.2.2)

2026-02-08T21:08:07.373+05:30  INFO 11047 --- [mt-statement-processor] [           main] com.bank.mt.EndToEndIntegrationTest      : Starting EndToEndIntegrationTest using Java 17.0.11 with PID 11047 (started by megh in /Users/megh/Desktop/Statements)
2026-02-08T21:08:07.373+05:30  INFO 11047 --- [mt-statement-processor] [           main] com.bank.mt.EndToEndIntegrationTest      : No active profile set, falling back to 1 default profile: "default"
2026-02-08T21:08:07.451+05:30  INFO 11047 --- [mt-statement-processor] [           main] .s.d.r.c.RepositoryConfigurationDelegate : Bootstrapping Spring Data JPA repositories in DEFAULT mode.
2026-02-08T21:08:07.456+05:30  INFO 11047 --- [mt-statement-processor] [           main] .s.d.r.c.RepositoryConfigurationDelegate : Finished Spring Data repository scanning in 4 ms. Found 7 JPA repository interfaces.
2026-02-08T21:08:07.487+05:30  INFO 11047 --- [mt-statement-processor] [           main] com.zaxxer.hikari.HikariDataSource       : HikariPool-4 - Starting...
2026-02-08T21:08:07.488+05:30  INFO 11047 --- [mt-statement-processor] [           main] com.zaxxer.hikari.pool.HikariPool        : HikariPool-4 - Added connection conn30: url=jdbc:h2:mem:mtdb user=SA
2026-02-08T21:08:07.488+05:30  INFO 11047 --- [mt-statement-processor] [           main] com.zaxxer.hikari.HikariDataSource       : HikariPool-4 - Start completed.
2026-02-08T21:08:07.491+05:30  INFO 11047 --- [mt-statement-processor] [           main] org.flywaydb.core.FlywayExecutor         : Database: jdbc:h2:mem:mtdb (H2 2.2)
2026-02-08T21:08:07.491+05:30  WARN 11047 --- [mt-statement-processor] [           main] o.f.c.internal.database.base.Database    : Flyway upgrade recommended: H2 2.2.224 is newer than this version of Flyway and support has not been tested. The latest supported version of H2 is 2.2.220.
2026-02-08T21:08:07.492+05:30  INFO 11047 --- [mt-statement-processor] [           main] o.f.core.internal.command.DbValidate     : Successfully validated 3 migrations (execution time 00:00.000s)
2026-02-08T21:08:07.493+05:30  INFO 11047 --- [mt-statement-processor] [           main] o.f.core.internal.command.DbMigrate      : Current version of schema "PUBLIC": 3
2026-02-08T21:08:07.493+05:30  INFO 11047 --- [mt-statement-processor] [           main] o.f.core.internal.command.DbMigrate      : Schema "PUBLIC" is up to date. No migration necessary.
2026-02-08T21:08:07.501+05:30  INFO 11047 --- [mt-statement-processor] [           main] o.hibernate.jpa.internal.util.LogHelper  : HHH000204: Processing PersistenceUnitInfo [name: default]
2026-02-08T21:08:07.501+05:30  INFO 11047 --- [mt-statement-processor] [           main] o.h.c.internal.RegionFactoryInitiator    : HHH000026: Second-level cache disabled
2026-02-08T21:08:07.503+05:30  INFO 11047 --- [mt-statement-processor] [           main] o.s.o.j.p.SpringPersistenceUnitInfo      : No LoadTimeWeaver setup: ignoring JPA class transformer
2026-02-08T21:08:07.503+05:30  WARN 11047 --- [mt-statement-processor] [           main] org.hibernate.orm.deprecation            : HHH90000025: H2Dialect does not need to be specified explicitly using 'hibernate.dialect' (remove the property setting and it will be selected by default)
2026-02-08T21:08:07.549+05:30  INFO 11047 --- [mt-statement-processor] [           main] o.h.e.t.j.p.i.JtaPlatformInitiator       : HHH000489: No JTA platform available (set 'hibernate.transaction.jta.platform' to enable JTA platform integration)
2026-02-08T21:08:07.549+05:30  INFO 11047 --- [mt-statement-processor] [           main] j.LocalContainerEntityManagerFactoryBean : Initialized JPA EntityManagerFactory for persistence unit 'default'
2026-02-08T21:08:07.581+05:30  INFO 11047 --- [mt-statement-processor] [           main] c.bank.mt.aggregation.AggregationFilter  : Aggregation filter cache refreshed: allowed BICs=[BANKGB22, CLIENTBI], excluded branches=[]
2026-02-08T21:08:07.628+05:30  INFO 11047 --- [mt-statement-processor] [           main] com.bank.mt.routing.RoutingService       : Routing cache refreshed: 1 rules, 1 relay configs, 0 excluded BICs
2026-02-08T21:08:07.640+05:30  WARN 11047 --- [mt-statement-processor] [           main] JpaBaseConfiguration$JpaWebConfiguration : spring.jpa.open-in-view is enabled by default. Therefore, database queries may be performed during view rendering. Explicitly configure spring.jpa.open-in-view to disable this warning
2026-02-08T21:08:07.653+05:30  INFO 11047 --- [mt-statement-processor] [           main] o.s.b.a.w.s.WelcomePageHandlerMapping    : Adding welcome page: class path resource [static/index.html]
2026-02-08T21:08:07.700+05:30  INFO 11047 --- [mt-statement-processor] [           main] o.s.b.a.e.web.EndpointLinksResolver      : Exposing 3 endpoint(s) beneath base path '/actuator'
2026-02-08T21:08:07.710+05:30  INFO 11047 --- [mt-statement-processor] [           main] o.s.s.web.DefaultSecurityFilterChain     : Will secure any request with [org.springframework.security.web.session.DisableEncodeUrlFilter@48fd7749, org.springframework.security.web.context.request.async.WebAsyncManagerIntegrationFilter@3a9fd60c, org.springframework.security.web.context.SecurityContextHolderFilter@603af797, org.springframework.security.web.header.HeaderWriterFilter@3b396dbf, org.springframework.web.filter.CorsFilter@61a16111, org.springframework.security.web.authentication.logout.LogoutFilter@649cae23, org.springframework.security.web.authentication.www.BasicAuthenticationFilter@4f57a8e2, org.springframework.security.web.savedrequest.RequestCacheAwareFilter@6f48bbde, org.springframework.security.web.servletapi.SecurityContextHolderAwareRequestFilter@a8c0c6d, org.springframework.security.web.authentication.AnonymousAuthenticationFilter@2454ee88, org.springframework.security.web.access.ExceptionTranslationFilter@fe618cc, org.springframework.security.web.access.intercept.AuthorizationFilter@4f16f68d]
2026-02-08T21:08:07.772+05:30  INFO 11047 --- [mt-statement-processor] [           main] o.s.b.a.h2.H2ConsoleAutoConfiguration    : H2 console available at '/h2-console'. Database available at 'jdbc:h2:mem:mtdb'
2026-02-08T21:08:07.782+05:30  INFO 11047 --- [mt-statement-processor] [           main] com.bank.mt.EndToEndIntegrationTest      : Started EndToEndIntegrationTest in 0.427 seconds (process running for 6.316)
2026-02-08T21:08:07.787+05:30  INFO 11047 --- [mt-statement-processor] [           main] com.bank.mt.routing.RoutingService       : Routing cache refreshed: 2 rules, 1 relay configs, 0 excluded BICs
2026-02-08T21:08:07.789+05:30  INFO 11047 --- [mt-statement-processor] [           main] c.b.m.i.PollingOdsIngestionStrategy      : Picked up 1 messages from ODS
2026-02-08T21:08:07.790+05:30  INFO 11047 --- [mt-statement-processor] [           main] c.b.mt.aggregation.AggregationService    : Single-page MT942 ref=MT942REF — skipping aggregation
2026-02-08T21:08:07.790+05:30  INFO 11047 --- [mt-statement-processor] [           main] com.bank.mt.routing.RoutingService       : Routing result for ref=MT942REF: destinations=[INTRADAY.Q1], relay=false
2026-02-08T21:08:07.790+05:30  INFO 11047 --- [mt-statement-processor] [     delivery-1] c.bank.mt.delivery.MockDeliveryAdapter   : MOCK DELIVERY → dest=INTRADAY.Q1 type=MT942 ref=MT942REF acct=987654321
2026-02-08T21:08:08.300+05:30  INFO 11047 --- [mt-statement-processor] [           main] j.LocalContainerEntityManagerFactoryBean : Closing JPA EntityManagerFactory for persistence unit 'default'
2026-02-08T21:08:08.300+05:30  INFO 11047 --- [mt-statement-processor] [           main] com.zaxxer.hikari.HikariDataSource       : HikariPool-4 - Shutdown initiated...
2026-02-08T21:08:08.305+05:30  INFO 11047 --- [mt-statement-processor] [           main] com.zaxxer.hikari.HikariDataSource       : HikariPool-4 - Shutdown completed.
]]></system-out>
  </testcase>
  <testcase name="crudRuleUpdate_refreshesCache" classname="com.bank.mt.EndToEndIntegrationTest" time="0.027">
    <system-out><![CDATA[
  .   ____          _            __ _ _
 /\\ / ___'_ __ _ _(_)_ __  __ _ \ \ \ \
( ( )\___ | '_ | '_| | '_ \/ _` | \ \ \ \
 \\/  ___)| |_)| | | | | || (_| |  ) ) ) )
  '  |____| .__|_| |_|_| |_\__, | / / / /
 =========|_|==============|___/=/_/_/_/
 :: Spring Boot ::                (v3.2.2)

2026-02-08T21:08:08.316+05:30  INFO 11047 --- [mt-statement-processor] [           main] com.bank.mt.EndToEndIntegrationTest      : Starting EndToEndIntegrationTest using Java 17.0.11 with PID 11047 (started by megh in /Users/megh/Desktop/Statements)
2026-02-08T21:08:08.316+05:30  INFO 11047 --- [mt-statement-processor] [           main] com.bank.mt.EndToEndIntegrationTest      : No active profile set, falling back to 1 default profile: "default"
2026-02-08T21:08:08.383+05:30  INFO 11047 --- [mt-statement-processor] [           main] .s.d.r.c.RepositoryConfigurationDelegate : Bootstrapping Spring Data JPA repositories in DEFAULT mode.
2026-02-08T21:08:08.387+05:30  INFO 11047 --- [mt-statement-processor] [           main] .s.d.r.c.RepositoryConfigurationDelegate : Finished Spring Data repository scanning in 3 ms. Found 7 JPA repository interfaces.
2026-02-08T21:08:08.414+05:30  INFO 11047 --- [mt-statement-processor] [           main] com.zaxxer.hikari.HikariDataSource       : HikariPool-5 - Starting...
2026-02-08T21:08:08.414+05:30  INFO 11047 --- [mt-statement-processor] [           main] com.zaxxer.hikari.pool.HikariPool        : HikariPool-5 - Added connection conn40: url=jdbc:h2:mem:mtdb user=SA
2026-02-08T21:08:08.414+05:30  INFO 11047 --- [mt-statement-processor] [           main] com.zaxxer.hikari.HikariDataSource       : HikariPool-5 - Start completed.
2026-02-08T21:08:08.416+05:30  INFO 11047 --- [mt-statement-processor] [           main] org.flywaydb.core.FlywayExecutor         : Database: jdbc:h2:mem:mtdb (H2 2.2)
2026-02-08T21:08:08.417+05:30  WARN 11047 --- [mt-statement-processor] [           main] o.f.c.internal.database.base.Database    : Flyway upgrade recommended: H2 2.2.224 is newer than this version of Flyway and support has not been tested. The latest supported version of H2 is 2.2.220.
2026-02-08T21:08:08.418+05:30  INFO 11047 --- [mt-statement-processor] [           main] o.f.core.internal.command.DbValidate     : Successfully validated 3 migrations (execution time 00:00.000s)
2026-02-08T21:08:08.419+05:30  INFO 11047 --- [mt-statement-processor] [           main] o.f.core.internal.command.DbMigrate      : Current version of schema "PUBLIC": 3
2026-02-08T21:08:08.419+05:30  INFO 11047 --- [mt-statement-processor] [           main] o.f.core.internal.command.DbMigrate      : Schema "PUBLIC" is up to date. No migration necessary.
2026-02-08T21:08:08.426+05:30  INFO 11047 --- [mt-statement-processor] [           main] o.hibernate.jpa.internal.util.LogHelper  : HHH000204: Processing PersistenceUnitInfo [name: default]
2026-02-08T21:08:08.427+05:30  INFO 11047 --- [mt-statement-processor] [           main] o.h.c.internal.RegionFactoryInitiator    : HHH000026: Second-level cache disabled
2026-02-08T21:08:08.428+05:30  INFO 11047 --- [mt-statement-processor] [           main] o.s.o.j.p.SpringPersistenceUnitInfo      : No LoadTimeWeaver setup: ignoring JPA class transformer
2026-02-08T21:08:08.428+05:30  WARN 11047 --- [mt-statement-processor] [           main] org.hibernate.orm.deprecation            : HHH90000025: H2Dialect does not need to be specified explicitly using 'hibernate.dialect' (remove the property setting and it will be selected by default)
2026-02-08T21:08:08.463+05:30  INFO 11047 --- [mt-statement-processor] [           main] o.h.e.t.j.p.i.JtaPlatformInitiator       : HHH000489: No JTA platform available (set 'hibernate.transaction.jta.platform' to enable JTA platform integration)
2026-02-08T21:08:08.464+05:30  INFO 11047 --- [mt-statement-processor] [           main] j.LocalContainerEntityManagerFactoryBean : Initialized JPA EntityManagerFactory for persistence unit 'default'
2026-02-08T21:08:08.498+05:30  INFO 11047 --- [mt-statement-processor] [           main] c.bank.mt.aggregation.AggregationFilter  : Aggregation filter cache refreshed: allowed BICs=[BANKGB22, CLIENTBI], excluded branches=[]
2026-02-08T21:08:08.538+05:30  INFO 11047 --- [mt-statement-processor] [           main] com.bank.mt.routing.RoutingService       : Routing cache refreshed: 2 rules, 1 relay configs, 0 excluded BICs
2026-02-08T21:08:08.548+05:30  WARN 11047 --- [mt-statement-processor] [           main] JpaBaseConfiguration$JpaWebConfiguration : spring.jpa.open-in-view is enabled by default. Therefore, database queries may be performed during view rendering. Explicitly configure spring.jpa.open-in-view to disable this warning
2026-02-08T21:08:08.561+05:30  INFO 11047 --- [mt-statement-processor] [           main] o.s.b.a.w.s.WelcomePageHandlerMapping    : Adding welcome page: class path resource [static/index.html]
2026-02-08T21:08:08.606+05:30  INFO 11047 --- [mt-statement-processor] [           main] o.s.b.a.e.web.EndpointLinksResolver      : Exposing 3 endpoint(s) beneath base path '/actuator'
2026-02-08T21:08:08.615+05:30  INFO 11047 --- [mt-statement-processor] [           main] o.s.s.web.DefaultSecurityFilterChain     : Will secure any request with [org.springframework.security.web.session.DisableEncodeUrlFilter@6263f9a9, org.springframework.security.web.context.request.async.WebAsyncManagerIntegrationFilter@f6b7959, org.springframework.security.web.context.SecurityContextHolderFilter@399b5121, org.springframework.security.web.header.HeaderWriterFilter@73469890, org.springframework.web.filter.CorsFilter@18c0abd3, org.springframework.security.web.authentication.logout.LogoutFilter@39aef4b8, org.springframework.security.web.authentication.www.BasicAuthenticationFilter@33ebc1d5, org.springframework.security.web.savedrequest.RequestCacheAwareFilter@b08dae5, org.springframework.security.web.servletapi.SecurityContextHolderAwareRequestFilter@5c76bbf5, org.springframework.security.web.authentication.AnonymousAuthenticationFilter@58331062, org.springframework.security.web.access.ExceptionTranslationFilter@5dcb3e4a, org.springframework.security.web.access.intercept.AuthorizationFilter@67b856d6]
2026-02-08T21:08:08.670+05:30  INFO 11047 --- [mt-statement-processor] [           main] o.s.b.a.h2.H2ConsoleAutoConfiguration    : H2 console available at '/h2-console'. Database available at 'jdbc:h2:mem:mtdb'
2026-02-08T21:08:08.682+05:30  INFO 11047 --- [mt-statement-processor] [           main] com.bank.mt.EndToEndIntegrationTest      : Started EndToEndIntegrationTest in 0.376 seconds (process running for 7.216)
2026-02-08T21:08:08.699+05:30  INFO 11047 --- [mt-statement-processor] [           main] com.bank.mt.routing.RoutingService       : Routing cache refreshed: 3 rules, 1 relay configs, 0 excluded BICs
2026-02-08T21:08:08.702+05:30  INFO 11047 --- [mt-statement-processor] [           main] com.bank.mt.routing.RoutingService       : Routing cache refreshed: 3 rules, 1 relay configs, 0 excluded BICs
2026-02-08T21:08:08.707+05:30  INFO 11047 --- [mt-statement-processor] [           main] com.bank.mt.routing.RoutingService       : Routing cache refreshed: 2 rules, 1 relay configs, 0 excluded BICs
2026-02-08T21:08:08.709+05:30  INFO 11047 --- [mt-statement-processor] [           main] j.LocalContainerEntityManagerFactoryBean : Closing JPA EntityManagerFactory for persistence unit 'default'
2026-02-08T21:08:08.709+05:30  INFO 11047 --- [mt-statement-processor] [           main] com.zaxxer.hikari.HikariDataSource       : HikariPool-5 - Shutdown initiated...
2026-02-08T21:08:08.710+05:30  INFO 11047 --- [mt-statement-processor] [           main] com.zaxxer.hikari.HikariDataSource       : HikariPool-5 - Shutdown completed.
]]></system-out>
  </testcase>
  <testcase name="fileRuleLoad_replacesOnlyFileRules" classname="com.bank.mt.EndToEndIntegrationTest" time="0.014">
    <system-out><![CDATA[
  .   ____          _            __ _ _
 /\\ / ___'_ __ _ _(_)_ __  __ _ \ \ \ \
( ( )\___ | '_ | '_| | '_ \/ _` | \ \ \ \
 \\/  ___)| |_)| | | | | || (_| |  ) ) ) )
  '  |____| .__|_| |_|_| |_\__, | / / / /
 =========|_|==============|___/=/_/_/_/
 :: Spring Boot ::                (v3.2.2)

2026-02-08T21:08:08.717+05:30  INFO 11047 --- [mt-statement-processor] [           main] com.bank.mt.EndToEndIntegrationTest      : Starting EndToEndIntegrationTest using Java 17.0.11 with PID 11047 (started by megh in /Users/megh/Desktop/Statements)
2026-02-08T21:08:08.717+05:30  INFO 11047 --- [mt-statement-processor] [           main] com.bank.mt.EndToEndIntegrationTest      : No active profile set, falling back to 1 default profile: "default"
2026-02-08T21:08:08.778+05:30  INFO 11047 --- [mt-statement-processor] [           main] .s.d.r.c.RepositoryConfigurationDelegate : Bootstrapping Spring Data JPA repositories in DEFAULT mode.
2026-02-08T21:08:08.782+05:30  INFO 11047 --- [mt-statement-processor] [           main] .s.d.r.c.RepositoryConfigurationDelegate : Finished Spring Data repository scanning in 3 ms. Found 7 JPA repository interfaces.
2026-02-08T21:08:08.807+05:30  INFO 11047 --- [mt-statement-processor] [           main] com.zaxxer.hikari.HikariDataSource       : HikariPool-6 - Starting...
2026-02-08T21:08:08.807+05:30  INFO 11047 --- [mt-statement-processor] [           main] com.zaxxer.hikari.pool.HikariPool        : HikariPool-6 - Added connection conn50: url=jdbc:h2:mem:mtdb user=SA
2026-02-08T21:08:08.807+05:30  INFO 11047 --- [mt-statement-processor] [           main] com.zaxxer.hikari.HikariDataSource       : HikariPool-6 - Start completed.
2026-02-08T21:08:08.809+05:30  INFO 11047 --- [mt-statement-processor] [           main] org.flywaydb.core.FlywayExecutor         : Database: jdbc:h2:mem:mtdb (H2 2.2)
2026-02-08T21:08:08.810+05:30  WARN 11047 --- [mt-statement-processor] [           main] o.f.c.internal.database.base.Database    : Flyway upgrade recommended: H2 2.2.224 is newer than this version of Flyway and support has not been tested. The latest supported version of H2 is 2.2.220.
2026-02-08T21:08:08.812+05:30  INFO 11047 --- [mt-statement-processor] [           main] o.f.core.internal.command.DbValidate     : Successfully validated 3 migrations (execution time 00:00.001s)
2026-02-08T21:08:08.813+05:30  INFO 11047 --- [mt-statement-processor] [           main] o.f.core.internal.command.DbMigrate      : Current version of schema "PUBLIC": 3
2026-02-08T21:08:08.813+05:30  INFO 11047 --- [mt-statement-processor] [           main] o.f.core.internal.command.DbMigrate      : Schema "PUBLIC" is up to date. No migration necessary.
2026-02-08T21:08:08.819+05:30  INFO 11047 --- [mt-statement-processor] [           main] o.hibernate.jpa.internal.util.LogHelper  : HHH000204: Processing PersistenceUnitInfo [name: default]
2026-02-08T21:08:08.820+05:30  INFO 11047 --- [mt-statement-processor] [           main] o.h.c.internal.RegionFactoryInitiator    : HHH000026: Second-level cache disabled
2026-02-08T21:08:08.821+05:30  INFO 11047 --- [mt-statement-processor] [           main] o.s.o.j.p.SpringPersistenceUnitInfo      : No LoadTimeWeaver setup: ignoring JPA class transformer
2026-02-08T21:08:08.821+05:30  WARN 11047 --- [mt-statement-processor] [           main] org.hibernate.orm.deprecation            : HHH90000025: H2Dialect does not need to be specified explicitly using 'hibernate.dialect' (remove the property setting and it will be selected by default)
2026-02-08T21:08:08.855+05:30  INFO 11047 --- [mt-statement-processor] [           main] o.h.e.t.j.p.i.JtaPlatformInitiator       : HHH000489: No JTA platform available (set 'hibernate.transaction.jta.platform' to enable JTA platform integration)
2026-02-08T21:08:08.856+05:30  INFO 11047 --- [mt-statement-processor] [           main] j.LocalContainerEntityManagerFactoryBean : Initialized JPA EntityManagerFactory for persistence unit 'default'
2026-02-08T21:08:08.880+05:30  INFO 11047 --- [mt-statement-processor] [           main] c.bank.mt.aggregation.AggregationFilter  : Aggregation filter cache refreshed: allowed BICs=[BANKGB22, CLIENTBI], excluded branches=[]
2026-02-08T21:08:08.918+05:30  INFO 11047 --- [mt-statement-processor] [           main] com.bank.mt.routing.RoutingService       : Routing cache refreshed: 2 rules, 1 relay configs, 0 excluded BICs
2026-02-08T21:08:08.928+05:30  WARN 11047 --- [mt-statement-processor] [           main] JpaBaseConfiguration$JpaWebConfiguration : spring.jpa.open-in-view is enabled by default. Therefore, database queries may be performed during view rendering. Explicitly configure spring.jpa.open-in-view to disable this warning
2026-02-08T21:08:08.939+05:30  INFO 11047 --- [mt-statement-processor] [           main] o.s.b.a.w.s.WelcomePageHandlerMapping    : Adding welcome page: class path resource [static/index.html]
2026-02-08T21:08:08.975+05:30  INFO 11047 --- [mt-statement-processor] [           main] o.s.b.a.e.web.EndpointLinksResolver      : Exposing 3 endpoint(s) beneath base path '/actuator'
2026-02-08T21:08:08.984+05:30  INFO 11047 --- [mt-statement-processor] [           main] o.s.s.web.DefaultSecurityFilterChain     : Will secure any request with [org.springframework.security.web.session.DisableEncodeUrlFilter@ee73f75, org.springframework.security.web.context.request.async.WebAsyncManagerIntegrationFilter@42ea0c1, org.springframework.security.web.context.SecurityContextHolderFilter@6d7a772e, org.springframework.security.web.header.HeaderWriterFilter@7c80bcd9, org.springframework.web.filter.CorsFilter@23f13b32, org.springframework.security.web.authentication.logout.LogoutFilter@546bdc1a, org.springframework.security.web.authentication.www.BasicAuthenticationFilter@79ee75b5, org.springframework.security.web.savedrequest.RequestCacheAwareFilter@e5a570, org.springframework.security.web.servletapi.SecurityContextHolderAwareRequestFilter@6c748330, org.springframework.security.web.authentication.AnonymousAuthenticationFilter@120ed76a, org.springframework.security.web.access.ExceptionTranslationFilter@48d1ff1c, org.springframework.security.web.access.intercept.AuthorizationFilter@faef38e]
2026-02-08T21:08:09.041+05:30  INFO 11047 --- [mt-statement-processor] [           main] o.s.b.a.h2.H2ConsoleAutoConfiguration    : H2 console available at '/h2-console'. Database available at 'jdbc:h2:mem:mtdb'
2026-02-08T21:08:09.051+05:30  INFO 11047 --- [mt-statement-processor] [           main] com.bank.mt.EndToEndIntegrationTest      : Started EndToEndIntegrationTest in 0.341 seconds (process running for 7.584)
2026-02-08T21:08:09.054+05:30  INFO 11047 --- [mt-statement-processor] [           main] c.bank.mt.ruleloader.RuleLoaderService   : Loading routing rules from: classpath:rules/routing-rules.csv
2026-02-08T21:08:09.060+05:30  INFO 11047 --- [mt-statement-processor] [           main] c.bank.mt.ruleloader.RuleLoaderService   : Loaded 4 FILE rules (batch=34f3a442-83b2-4a7d-a6c6-c339c1547b4c)
2026-02-08T21:08:09.062+05:30  INFO 11047 --- [mt-statement-processor] [           main] com.bank.mt.routing.RoutingService       : Routing cache refreshed: 7 rules, 1 relay configs, 0 excluded BICs
2026-02-08T21:08:09.065+05:30  INFO 11047 --- [mt-statement-processor] [           main] j.LocalContainerEntityManagerFactoryBean : Closing JPA EntityManagerFactory for persistence unit 'default'
2026-02-08T21:08:09.066+05:30  INFO 11047 --- [mt-statement-processor] [           main] com.zaxxer.hikari.HikariDataSource       : HikariPool-6 - Shutdown initiated...
2026-02-08T21:08:09.066+05:30  INFO 11047 --- [mt-statement-processor] [           main] com.zaxxer.hikari.HikariDataSource       : HikariPool-6 - Shutdown completed.
]]></system-out>
  </testcase>
</testsuite>